 INFO 2014-07-14 16:03:36,522 [main] (Advertising.java:4145) - User is landed on [CAMPAIGNS] tab
 INFO 2014-07-14 16:03:36,522 [main] (Advertising.java:4148) - Verify the application list
 INFO 2014-07-14 16:03:36,535 [main] (Advertising.java:4163) - Verification of campaigns applications list is successful
 INFO 2014-07-14 16:03:36,602 [main] (Advertising.java:4209) - Starting [verifyAdvertisingCampaignsLayout] execution
 INFO 2014-07-14 16:03:36,603 [main] (Advertising.java:4210) - Navigating to [Campaigns] tab
 INFO 2014-07-14 16:03:51,264 [main] (Advertising.java:4241) - Identify Campaigns list in [Campaigns] page
 INFO 2014-07-14 16:03:51,294 [main] (Advertising.java:4285) - Starting [editCampaign] execution
 INFO 2014-07-14 16:03:51,294 [main] (Advertising.java:4286) - Verify if user is on [Campaigns] page
 INFO 2014-07-14 16:03:52,305 [main] (Advertising.java:4376) - User is on [Campaigns]
 INFO 2014-07-14 16:03:52,306 [main] (Advertising.java:4378) - Verify if campaign [Cybage Automation Campaign] is present in campaigns list in [Campaigns] page
 INFO 2014-07-14 16:03:52,307 [main] (Advertising.java:4381) - Identify Campaigns list in [Campaigns] page
 INFO 2014-07-14 16:03:52,349 [main] (Advertising.java:4396) - Verification of campaigns applications list is successful
 INFO 2014-07-14 16:03:52,554 [main] (Advertising.java:4415) - Campaign [Cybage Automation Campaign] is present in campaigns list
 INFO 2014-07-14 16:03:52,944 [main] (Advertising.java:4434) - Click on campaign [Cybage Automation Campaign] in campaigns list is successful
 INFO 2014-07-14 16:03:58,944 [main] (Advertising.java:4440) - Identify [Edit Campaign] page header element
 INFO 2014-07-14 16:03:58,993 [main] (Advertising.java:4473) - User is on [Edit Campaign] page
 INFO 2014-07-14 16:04:11,296 [main] (Advertising.java:4723) - Click operation successful on 'Specific Platforms' radio button
 INFO 2014-07-14 16:04:20,172 [main] (Advertising.java:4869) - [Accuracy] field text matching successful
 INFO 2014-07-14 16:04:20,182 [main] (Advertising.java:4872) - Select [Accuracy] radio buttons as per the input..
 INFO 2014-07-14 16:04:20,182 [main] (Advertising.java:4873) - Select accuracy [State] from the radio buttons
 INFO 2014-07-14 16:04:22,892 [main] (Advertising.java:5024) - Selection of State from States list is successful
 INFO 2014-07-14 16:04:22,892 [main] (Advertising.java:5394) - Identify Done button
 INFO 2014-07-14 16:04:36,835 [main] (Advertising.java:5441) - Starting [verifyConfiguration] execution
 INFO 2014-07-14 16:04:36,835 [main] (Advertising.java:5442) - Verify if user is on [Sites] tab
ERROR 2014-07-14 16:04:36,871 [main] (SeleniumUtils.java:163) - Assertion error
 INFO 2014-07-14 16:04:36,871 [main] (Advertising.java:5455) - User is not on [Sites] page
 INFO 2014-07-14 16:04:36,871 [main] (Advertising.java:5456) - Navigate to [Sites] tab
 INFO 2014-07-14 16:04:57,612 [main] (Advertising.java:5493) - Navigation to [Sites] tab is successful
 INFO 2014-07-14 16:04:57,613 [main] (Advertising.java:5508) - User is on [Sites] tab
 INFO 2014-07-14 16:05:25,254 [main] (Advertising.java:5555) - Clicked on Configuration link of application [Cybage MaasAutomation Test111]
ERROR 2014-07-14 16:05:34,952 [main] (SeleniumUtils.java:352) - org.openqa.selenium.ElementNotVisibleException: Element is not currently visible and so may not be interacted with
Command duration or timeout: 5.07 seconds
Build info: version: 'unknown', revision: 'unknown', time: 'unknown'
System info: host: 'bhargavas-w7', ip: '172.27.36.55', os.name: 'Windows Vista', os.arch: 'x86', os.version: '6.1', java.version: '1.6.0'
Session ID: 29090121-fb11-4492-8696-a8e5f7249736
Driver info: org.openqa.selenium.firefox.FirefoxDriver
Capabilities [{platform=XP, acceptSslCerts=true, javascriptEnabled=true, browserName=firefox, rotatable=false, locationContextEnabled=true, version=30.0, cssSelectorsEnabled=true, databaseEnabled=true, handlesAlerts=true, browserConnectionEnabled=true, nativeEvents=false, webStorageEnabled=true, applicationCacheEnabled=true, takesScreenshot=true}]
ERROR 2014-07-14 16:05:40,044 [main] (SeleniumUtils.java:266) - Error while typing the textorg.openqa.selenium.ElementNotVisibleException: Element is not currently visible and so may not be interacted with
Command duration or timeout: 5.07 seconds
Build info: version: 'unknown', revision: 'unknown', time: 'unknown'
System info: host: 'bhargavas-w7', ip: '172.27.36.55', os.name: 'Windows Vista', os.arch: 'x86', os.version: '6.1', java.version: '1.6.0'
Session ID: 29090121-fb11-4492-8696-a8e5f7249736
Driver info: org.openqa.selenium.firefox.FirefoxDriver
Capabilities [{platform=XP, acceptSslCerts=true, javascriptEnabled=true, browserName=firefox, rotatable=false, locationContextEnabled=true, version=30.0, cssSelectorsEnabled=true, databaseEnabled=true, handlesAlerts=true, browserConnectionEnabled=true, nativeEvents=false, webStorageEnabled=true, applicationCacheEnabled=true, takesScreenshot=true}]
 INFO 2014-07-14 16:05:40,294 [main] (Advertising.java:6357) - Verify 'SAVE' & 'CANCEL' buttons
 INFO 2014-07-14 16:05:40,404 [main] (Advertising.java:6386) - Verification of 'SAVE' & 'CANCEL' buttons successful
 INFO 2014-07-14 16:06:04,407 [main] (Advertising.java:6420) - Starting [verifyAdPlacements] execution
 INFO 2014-07-14 16:06:04,407 [main] (Advertising.java:6421) - Verify if user is on [Sites] tab
 INFO 2014-07-14 16:06:07,447 [main] (Advertising.java:6494) - User is on [Sites] tab
 INFO 2014-07-14 16:06:07,447 [main] (Advertising.java:6495) - Identify application list in [Sites] tab
 INFO 2014-07-14 16:06:07,477 [main] (Advertising.java:6511) - Identification of application list in [Sites] tab is successful
 INFO 2014-07-14 16:06:07,477 [main] (Advertising.java:6513) - Verify if application present in application list
 INFO 2014-07-14 16:06:07,527 [main] (Advertising.java:6528) - application is present in application list
 INFO 2014-07-14 16:06:07,527 [main] (Advertising.java:6529) - Click on [Ad Placements] of application [Cybage MaasAutomation Test111]
 INFO 2014-07-14 16:06:07,947 [main] (Advertising.java:6547) - Click on [Ad Placements] of application [Cybage MaasAutomation Test111] is successful
 INFO 2014-07-14 16:06:07,947 [main] (Advertising.java:6550) - Identification of Length dropdown
 INFO 2014-07-14 16:06:08,177 [main] (Advertising.java:6564) - Identificaion of Length dropdown is successful
 INFO 2014-07-14 16:06:08,177 [main] (Advertising.java:6565) - Select length from lenght dropdown
 INFO 2014-07-14 16:06:15,496 [main] (Advertising.java:6615) - Identify Search text box
 INFO 2014-07-14 16:06:15,528 [main] (Advertising.java:6629) - Identification of Search text box is successful
 INFO 2014-07-14 16:06:15,528 [main] (Advertising.java:6631) - Clear the text in Search text box
 INFO 2014-07-14 16:06:15,648 [main] (Advertising.java:6633) - Verify Search box functionlaity
 INFO 2014-07-14 16:06:16,219 [main] (Advertising.java:6649) - Verify the search functionality
 WARN 2014-07-14 16:06:16,441 [main] (Advertising.java:6654) - Selected search item is not available in Ad Placements table
 INFO 2014-07-14 16:06:16,441 [main] (Advertising.java:6660) - Searching functionality is working
 INFO 2014-07-14 16:06:38,029 [main] (Advertising.java:6720) - Verify the table header elements
 INFO 2014-07-14 16:06:38,469 [main] (Advertising.java:6970) - Verify Sorting functionality on [Zone Id] header
 INFO 2014-07-14 16:06:52,025 [main] (Advertising.java:7195) - Starting [createNewAdInAdPlacements] execution
 INFO 2014-07-14 16:06:52,025 [main] (Advertising.java:7196) - Verify if user is on [Sites] tab
 INFO 2014-07-14 16:06:55,077 [main] (Advertising.java:7270) - User is on [Sites] tab
 INFO 2014-07-14 16:07:21,111 [main] (Advertising.java:7335) - Verify the Device section opened
 INFO 2014-07-14 16:07:23,486 [main] (Advertising.java:7403) - Click on Save button
 INFO 2014-07-14 16:07:27,253 [main] (Advertising.java:7462) - Starting [editAdInAdPlacements] execution
 INFO 2014-07-14 16:07:27,253 [main] (Advertising.java:7463) - Verify if user is on [Sites] tab
 INFO 2014-07-14 16:07:30,291 [main] (Advertising.java:7537) - User is on [Sites] tab
ERROR 2014-07-14 16:07:59,692 [main] (Advertising.java:7602) - Unable to click on Edit link of [Phone - Video]
ERROR 2014-07-14 16:08:09,794 [main] (SeleniumUtils.java:419) - org.openqa.selenium.TimeoutException: Timed out after 10 seconds waiting for visibility of [[FirefoxDriver: firefox on XP (29090121-fb11-4492-8696-a8e5f7249736)] -> xpath: .//div[@class='app-form zone-edit-form' and @style='display: block;']/form[contains(@id,'add-zone')]/div/div[1]/div[2]]
Build info: version: 'unknown', revision: 'unknown', time: 'unknown'
System info: host: 'bhargavas-w7', ip: '172.27.36.55', os.name: 'Windows Vista', os.arch: 'x86', os.version: '6.1', java.version: '1.6.0'
Driver info: driver.version: unknown
ERROR 2014-07-14 16:08:09,794 [main] (Advertising.java:7618) - Unable to identify Ad sites edit form
ERROR 2014-07-14 16:08:09,874 [main] (Advertising.java:7645) - Unable to select the device type [Tablet]
 INFO 2014-07-14 16:08:09,874 [main] (Advertising.java:7676) - Click on Save button
ERROR 2014-07-14 16:08:14,954 [main] (SeleniumUtils.java:655) - org.openqa.selenium.ElementNotVisibleException: Element is not currently visible and so may not be interacted with
Command duration or timeout: 5.06 seconds
Build info: version: 'unknown', revision: 'unknown', time: 'unknown'
System info: host: 'bhargavas-w7', ip: '172.27.36.55', os.name: 'Windows Vista', os.arch: 'x86', os.version: '6.1', java.version: '1.6.0'
Session ID: 29090121-fb11-4492-8696-a8e5f7249736
Driver info: org.openqa.selenium.firefox.FirefoxDriver
Capabilities [{platform=XP, acceptSslCerts=true, javascriptEnabled=true, browserName=firefox, rotatable=false, locationContextEnabled=true, version=30.0, cssSelectorsEnabled=true, databaseEnabled=true, handlesAlerts=true, browserConnectionEnabled=true, nativeEvents=false, webStorageEnabled=true, applicationCacheEnabled=true, takesScreenshot=true}]
 INFO 2014-07-14 16:08:20,348 [main] (Advertising.java:7740) - Starting [deleteAdInAdPlacements] execution
 INFO 2014-07-14 16:08:20,348 [main] (Advertising.java:7741) - Verify if user is on [Sites] tab
 INFO 2014-07-14 16:08:23,398 [main] (Advertising.java:7815) - User is on [Sites] tab
ERROR 2014-07-14 16:08:49,462 [main] (Advertising.java:7892) - Unable to click on Remove link of [Phone - Video]
ERROR 2014-07-14 16:08:54,861 [main] (SeleniumUtils.java:324) - org.openqa.selenium.NoAlertPresentException: No alert is present (WARNING: The server did not provide any stacktrace information)
Command duration or timeout: 2.40 seconds
Build info: version: 'unknown', revision: 'unknown', time: 'unknown'
System info: host: 'bhargavas-w7', ip: '172.27.36.55', os.name: 'Windows Vista', os.arch: 'x86', os.version: '6.1', java.version: '1.6.0'
Session ID: 29090121-fb11-4492-8696-a8e5f7249736
Driver info: org.openqa.selenium.firefox.FirefoxDriver
Capabilities [{platform=XP, acceptSslCerts=true, javascriptEnabled=true, browserName=firefox, rotatable=false, locationContextEnabled=true, version=30.0, cssSelectorsEnabled=true, databaseEnabled=true, handlesAlerts=true, browserConnectionEnabled=true, nativeEvents=false, webStorageEnabled=true, applicationCacheEnabled=true, takesScreenshot=true}]
 INFO 2014-07-14 16:08:59,873 [main] (Advertising.java:7905) - Execution of deleteAdInAdPlacements is successful
 INFO 2014-07-14 16:09:00,263 [main] (Advertising.java:7922) - Execution of editAdInAdPlacements is successful
 INFO 2014-07-14 16:09:00,263 [main] (Advertising.java:7950) - Starting [verifyViewStats] execution
 INFO 2014-07-14 16:09:00,263 [main] (Advertising.java:7951) - Verify if user is on [Sites] tab
 INFO 2014-07-14 16:09:03,325 [main] (Advertising.java:8025) - User is on [Sites] tab
 INFO 2014-07-14 16:09:36,613 [main] (Advertising.java:8099) - Execution of verifyViewStats is successful
 INFO 2014-07-14 16:09:36,613 [main] (Advertising.java:8126) - Starting [verifyReports] execution
 INFO 2014-07-14 16:09:36,613 [main] (Advertising.java:8127) - Verify if user is on [Reports] tab
 INFO 2014-07-14 16:09:36,663 [main] (Advertising.java:8200) - User is on [Reports] tab
 INFO 2014-07-14 16:09:36,663 [main] (Advertising.java:8202) - Verify Application & time dropdowns in [Reports] tab
 INFO 2014-07-14 16:09:36,663 [main] (Advertising.java:8386) - Starting [verifyPayments] execution
 INFO 2014-07-14 16:09:36,663 [main] (Advertising.java:8387) - Verify if user is on [Payments] tab
ERROR 2014-07-14 16:09:39,701 [main] (SeleniumUtils.java:163) - Assertion error
 INFO 2014-07-14 16:09:39,701 [main] (Advertising.java:8402) - User is not on [Payments] page
 INFO 2014-07-14 16:09:39,701 [main] (Advertising.java:8403) - Navigate to [Payments] tab
 INFO 2014-07-14 16:09:44,185 [main] (Advertising.java:8490) - Starting [verifyAccount] execution
 INFO 2014-07-14 16:09:44,185 [main] (Advertising.java:8491) - Verify if user is on [Account] tab
ERROR 2014-07-14 16:09:44,215 [main] (SeleniumUtils.java:163) - Assertion error
 INFO 2014-07-14 16:09:44,215 [main] (Advertising.java:8504) - User is not on [Account] page
 INFO 2014-07-14 16:09:44,215 [main] (Advertising.java:8505) - Navigate to [Account] tab
 INFO 2014-07-14 16:09:52,898 [main] (Advertising.java:8562) - User is on [Account] tab
 INFO 2014-07-14 16:09:52,898 [main] (Advertising.java:8587) - Starting [logOut] execution
 INFO 2014-07-14 16:09:52,898 [main] (Advertising.java:8588) - Navigating to [Accounts] page
 INFO 2014-07-14 16:10:01,837 [main] (Advertising.java:8624) - Click on Sign Out button
 INFO 2014-07-14 16:10:11,359 [main] (Location.java:65) - reading [Location] Input file
 INFO 2014-07-14 16:10:11,365 [main] (Location.java:89) - reading [Location] Input file successful
 INFO 2014-07-14 16:10:11,366 [main] (Location.java:92) -  {[loginAs, clickAndVerifyLocationTab, verifyLocationTabLayout, verifyConfigureTabLayout, verifyNewVenueTabLayout, verifyMappingLayout, creatingDDCircle_One, AddingZoneTrigger_One, creatingPointOfInterest_One, savingPOI_One, creatingDDCircle_Two, AddingZoneTrigger_Two, creatingPointOfInterest_Two, savingPOI_Two, CreatingWayPoint, removingElementsOnMap, editingElements, logOut]} for execution in [Location] suite
 INFO 2014-07-14 16:10:11,372 [main] (Location.java:126) - opening [FIREFOX] browser
 INFO 2014-07-14 16:10:23,476 [main] (Location.java:137) - Identify Username, Password & Signin buttons
 INFO 2014-07-14 16:10:23,582 [main] (Location.java:164) - login into the application
 INFO 2014-07-14 16:10:31,610 [main] (Location.java:167) - Verify the landing page after login
ERROR 2014-07-14 16:10:36,659 [main] (SeleniumUtils.java:163) - Assertion error
 INFO 2014-07-14 16:10:36,659 [main] (Location.java:332) - User is landed on [YOUR ACCOUNT] page
 INFO 2014-07-14 16:10:36,659 [main] (Location.java:333) - Navigate to [YOUR APPLICATIONS] page
 INFO 2014-07-14 16:10:36,659 [main] (Location.java:334) - Verify if User has Switch button 
 INFO 2014-07-14 16:10:36,669 [main] (Location.java:349) - Click on [Switch Button]
 INFO 2014-07-14 16:10:36,929 [main] (Location.java:357) - Click operation on [Switch Button] is successful
 INFO 2014-07-14 16:10:36,929 [main] (Location.java:359) - Identify Switch button - Organization text box
 INFO 2014-07-14 16:10:37,939 [main] (Location.java:381) - Enter the Organization [phunware] name in the Switch btn Organization text box
 INFO 2014-07-14 16:10:45,809 [main] (Location.java:424) - Verify if user is landed on [Your Applications] page
 INFO 2014-07-14 16:10:45,859 [main] (Location.java:485) - Starting [clickAndVerifyLocationTab] execution
 INFO 2014-07-14 16:10:45,859 [main] (Location.java:486) - Verify if [LOCATION] tab is present
 INFO 2014-07-14 16:10:45,879 [main] (Location.java:510) - [LOCATION] tab is present
 INFO 2014-07-14 16:10:45,879 [main] (Location.java:511) - Navigate to [LOCATION] tab
 INFO 2014-07-14 16:10:55,264 [main] (Location.java:522) - Verify if user is landed on [LOCATION] page
 INFO 2014-07-14 16:10:55,886 [main] (Location.java:550) - Click operation on [LOCATION] tab successful
 INFO 2014-07-14 16:10:55,886 [main] (Location.java:551) - Test case [clickAndVerifyLocationTab] execution is successful
 INFO 2014-07-14 16:10:55,896 [main] (Location.java:582) - Verify all the sub tabs present in [LOCATION] tab
 INFO 2014-07-14 16:10:55,916 [main] (Location.java:610) - Identification of [Configure] sub-tab is Successful
 INFO 2014-07-14 16:10:55,946 [main] (Location.java:642) - Identificatio of [Map Editor] sub-tab is Successful
 INFO 2014-07-14 16:10:55,976 [main] (Location.java:670) - Identificatio of [Support] sub-tab is Successful
 INFO 2014-07-14 16:10:55,976 [main] (Location.java:671) - Identification of all the sub tabs in [LOCATION] tab successful
 INFO 2014-07-14 16:10:55,976 [main] (Location.java:699) - Starting [verifyConfigureTabLayout] execution
 INFO 2014-07-14 16:10:55,976 [main] (Location.java:700) - Verify if user is on [Configure] tab
 INFO 2014-07-14 16:10:56,046 [main] (Location.java:806) - Verify [New Venue Button]  is Successful
 INFO 2014-07-14 16:10:56,056 [main] (Location.java:819) - Identification  of Configure data is successful
 INFO 2014-07-14 16:10:56,056 [main] (Location.java:849) - Starting [verifyNewVenueTabLayout] execution
 INFO 2014-07-14 16:11:07,095 [main] (Location.java:1032) - Verify [cool Down Hours] Drop Down is Successful
 INFO 2014-07-14 16:11:07,105 [main] (Location.java:1046) - Verify [cool Down Minutes] Drop Down is Successful
 INFO 2014-07-14 16:11:07,115 [main] (Location.java:1061) - Verify [location add venue]check box pane is Successful
 INFO 2014-07-14 16:11:07,135 [main] (Location.java:1100) - Verify [Application Availability] Text is Successful
 INFO 2014-07-14 16:11:07,155 [main] (Location.java:1133) - Verify [Cancel Button] Text is Successful
 INFO 2014-07-14 16:11:07,175 [main] (Location.java:1165) - Verify [Save Button] Text is Successful
 INFO 2014-07-14 16:11:07,175 [main] (Location.java:1166) - Test case [verifyNewVenueLayout] is successful
 WARN 2014-07-14 16:11:07,175 [main] (Location.java:1188) - Test case [validatingAddingNewVenue] is not added for execution in [Location]
 WARN 2014-07-14 16:11:07,175 [main] (Location.java:1253) - Test case [createNewVenue] is not added for execution in [Location]
 INFO 2014-07-14 16:11:09,235 [main] (Location.java:1401) - Verify [Map Editor] is Successful
 INFO 2014-07-14 16:11:14,389 [main] (Location.java:1424) - Identifying of  [Venue Selection DD] is Successful
 INFO 2014-07-14 16:11:14,399 [main] (Location.java:1439) - Identifying of  [Building Selection DD] is Successful
 INFO 2014-07-14 16:11:14,409 [main] (Location.java:1456) - Identifying of  [Level Selection DD] is Successful
 INFO 2014-07-14 16:11:15,002 [main] (Location.java:1471) - Identifying of  [Zoom In Button] is Successful
ERROR 2014-07-14 16:11:23,846 [main] (SeleniumUtils.java:143) - Unable to identify the element with id xpath and value .//a[@class='leaflet-control-zoom-out leaflet-disabled']
ERROR 2014-07-14 16:11:23,846 [main] (Location.java:1481) - Unable to identify [LocationMapEditorZoomOut]
 INFO 2014-07-14 16:11:23,846 [main] (Location.java:1486) - Identifying of  [Zoom-Out Button] is Successful
 INFO 2014-07-14 16:11:23,856 [main] (Location.java:1501) - Identifying of  [Draw-Draw-Marker] is Successful
 INFO 2014-07-14 16:11:23,876 [main] (Location.java:1516) - Identifying of  [Draw-Draw-Point] is Successful
 INFO 2014-07-14 16:11:23,886 [main] (Location.java:1531) - Identifying of  [Draw-Draw-Point] is Successful
 INFO 2014-07-14 16:11:23,896 [main] (Location.java:1546) - Identifying of  [Draw-Draw-PolyLine] is Successful
 INFO 2014-07-14 16:11:23,901 [main] (Location.java:1561) - Identifying of  [Draw-Draw-Circle] is Successful
 INFO 2014-07-14 16:11:23,917 [main] (Location.java:1576) - Identifying of  [Edit-Edit  Butoon] is Successful
 INFO 2014-07-14 16:11:23,927 [main] (Location.java:1591) - Identifying of  [Edit-Remove] is Successful
 INFO 2014-07-14 16:11:23,960 [main] (Location.java:1627) - Verify [Toggle Segments checkBox] is Successful
ERROR 2014-07-14 16:11:29,030 [main] (SeleniumUtils.java:143) - Unable to identify the element with id xpath and value .//label[@for='toggleRoutes']
ERROR 2014-07-14 16:11:29,030 [main] (Location.java:1637) - Unable to identify [LocationMapEdiorToggleRoutes]
ERROR 2014-07-14 16:11:29,030 [main] (SeleniumUtils.java:203) - Error while reading the text of a element. The error message is java.lang.NullPointerException
ERROR 2014-07-14 16:11:29,030 [main] (SeleniumUtils.java:167) - AssertionEqual has failed.And the error message is java.lang.NullPointerException
ERROR 2014-07-14 16:11:29,030 [main] (Location.java:1651) - [LocationMapEdiorToggleRoutes]  text matching failed: The expected text is [null] and the actual return text is [Routes]
 INFO 2014-07-14 16:11:29,030 [main] (Location.java:1661) - Verify [Toggle Routes checkBox] is Successful
 INFO 2014-07-14 16:11:29,070 [main] (Location.java:1688) - Verify [Toggle Zones checkBox] is Successful
 INFO 2014-07-14 16:11:29,070 [main] (Location.java:1719) - Test case [creatingDDCircle_One] is added for execution in [Location]
 INFO 2014-07-14 16:11:31,060 [main] (Location.java:1733) - Identifying of  [LocationMapEditorDDCircle] is Successful
 INFO 2014-07-14 16:11:31,060 [main] (Location.java:1734) - creating the zone in the map
 INFO 2014-07-14 16:11:36,405 [main] (Location.java:1746) - creating Circle is completed 
 INFO 2014-07-14 16:11:36,412 [main] (Location.java:1778) - saving the created cirle_one by providing name, message, cooldownHours and CoolDownMinutes
ERROR 2014-07-14 16:11:41,502 [main] (SeleniumUtils.java:143) - Unable to identify the element with id xpath and value .//input[@id='zone_save_name']
ERROR 2014-07-14 16:11:41,502 [main] (SeleniumUtils.java:266) - Error while typing the textjava.lang.NullPointerException
 INFO 2014-07-14 16:11:41,502 [main] (Location.java:1784) - inserted name successfully
ERROR 2014-07-14 16:11:46,552 [main] (SeleniumUtils.java:143) - Unable to identify the element with id xpath and value .//textarea[@id='zone_save_alertHandler_actionDataMessage']
ERROR 2014-07-14 16:11:46,562 [main] (SeleniumUtils.java:266) - Error while typing the textjava.lang.NullPointerException
 INFO 2014-07-14 16:11:46,562 [main] (Location.java:1791) - inserted Message successfully
ERROR 2014-07-14 16:11:51,621 [main] (SeleniumUtils.java:143) - Unable to identify the element with id xpath and value .//div[@id='zone-edit-form']/div[5]/div[1]/div[@class='selectbox']/label/select[@id='zone-cooldown-hours']
ERROR 2014-07-14 16:11:51,621 [main] (SeleniumUtils.java:419) - java.lang.NullPointerException
ERROR 2014-07-14 16:11:51,621 [main] (Location.java:1798) - Unable to identify [ZoneCoolDownHours]
ERROR 2014-07-14 16:11:56,691 [main] (SeleniumUtils.java:143) - Unable to identify the element with id xpath and value .//div[@id='zone-edit-form']/div[5]/div[1]/div[@class='selectbox']/label/select[@id='zone-cooldown-hours']
ERROR 2014-07-14 16:11:56,691 [main] (SeleniumUtils.java:289) - java.lang.NullPointerException
ERROR 2014-07-14 16:11:56,691 [main] (Location.java:1810) - Unable to select  [15] from dropdown
 INFO 2014-07-14 16:11:56,691 [main] (Location.java:1820) - cooldownHours selected succesfully
ERROR 2014-07-14 16:12:01,763 [main] (SeleniumUtils.java:143) - Unable to identify the element with id xpath and value .//div[@id='zone-edit-form']/div[5]/div[2]/div[@class='selectbox']/label/select[@id='zone-cooldown-mins']
ERROR 2014-07-14 16:12:01,763 [main] (SeleniumUtils.java:419) - java.lang.NullPointerException
ERROR 2014-07-14 16:12:06,802 [main] (SeleniumUtils.java:143) - Unable to identify the element with id xpath and value .//div[@id='zone-edit-form']/div[5]/div[2]/div[@class='selectbox']/label/select[@id='zone-cooldown-mins']
ERROR 2014-07-14 16:12:06,812 [main] (SeleniumUtils.java:289) - java.lang.NullPointerException
ERROR 2014-07-14 16:12:06,812 [main] (Location.java:1834) - Unable to select  [45] from dropdown
 INFO 2014-07-14 16:12:06,812 [main] (Location.java:1842) - cooldownMints selected succesfully
ERROR 2014-07-14 16:12:11,852 [main] (SeleniumUtils.java:143) - Unable to identify the element with id xpath and value .//button[@id='add-zone-save-btn']
ERROR 2014-07-14 16:12:11,862 [main] (SeleniumUtils.java:419) - java.lang.NullPointerException
ERROR 2014-07-14 16:12:11,862 [main] (Location.java:1849) - Unable to identify [ZoneSaveBtn]
 INFO 2014-07-14 16:12:11,862 [main] (Location.java:1860) - zone1 saved succesfully
 INFO 2014-07-14 16:12:14,958 [main] (Location.java:1903) - POI1 is created successfully 
 INFO 2014-07-14 16:12:17,402 [main] (Location.java:1946) - POI1 : inserted name successfully
 INFO 2014-07-14 16:12:17,634 [main] (Location.java:1960) - POI1 Type is selected succesfully
 INFO 2014-07-14 16:12:17,914 [main] (Location.java:1972) - inserted portalID successfully
 INFO 2014-07-14 16:12:17,954 [main] (Location.java:1989) - POI1 Zoom Level succesfully
 INFO 2014-07-14 16:12:17,994 [main] (Location.java:2004) - POI1 Max Zoom Level succesfully
 INFO 2014-07-14 16:12:18,344 [main] (Location.java:2018) - Entered Description successfully
 INFO 2014-07-14 16:12:18,766 [main] (Location.java:2041) - POI1 is saved succesfully
 INFO 2014-07-14 16:12:18,766 [main] (Location.java:2070) - Test case [creatingDDCircle_Two] is added for execution in [Location]
 INFO 2014-07-14 16:12:20,881 [main] (Location.java:2086) - Identifying of  [LocationMapEditorDDCircle] is Successful
 INFO 2014-07-14 16:12:20,882 [main] (Location.java:2087) - creating the zone in the map
 INFO 2014-07-14 16:12:26,187 [main] (Location.java:2093) - creating Circle is completed 
 INFO 2014-07-14 16:12:26,188 [main] (Location.java:2124) - saving the created cirle_two by providing name, message, cooldownHours and CoolDownMinutes
 INFO 2014-07-14 16:12:31,107 [main] (Location.java:2141) - inserted name successfully
 INFO 2014-07-14 16:12:31,507 [main] (Location.java:2154) - inserted Message successfully
 INFO 2014-07-14 16:12:31,807 [main] (Location.java:2174) - cooldownHours selected succesfully
 INFO 2014-07-14 16:12:32,057 [main] (Location.java:2194) - cooldownMints selected succesfully
 INFO 2014-07-14 16:12:32,187 [main] (Location.java:2205) - zone2 saved succesfully
 INFO 2014-07-14 16:12:34,763 [main] (Location.java:2248) - POI2 is created successfully 
ERROR 2014-07-14 16:12:49,062 [main] (SeleniumUtils.java:419) - org.openqa.selenium.TimeoutException: Timed out after 10 seconds waiting for visibility of [[FirefoxDriver: firefox on XP (1e4d5075-8258-4045-8112-0f4e80d663e1)] -> xpath: .//input[@id='point_save_portalId']]
Build info: version: 'unknown', revision: 'unknown', time: 'unknown'
System info: host: 'bhargavas-w7', ip: '172.27.36.55', os.name: 'Windows Vista', os.arch: 'x86', os.version: '6.1', java.version: '1.6.0'
Driver info: driver.version: unknown
ERROR 2014-07-14 16:12:49,062 [main] (Location.java:2285) - Unable to identify [POIPortalId]
ERROR 2014-07-14 16:12:49,072 [main] (SeleniumUtils.java:266) - Error while typing the textjava.lang.NullPointerException
 INFO 2014-07-14 16:12:49,072 [main] (Location.java:2291) - inserted portalID successfully
 INFO 2014-07-14 16:13:01,481 [main] (Location.java:2308) - POI2 : inserted name successfully
 INFO 2014-07-14 16:13:01,731 [main] (Location.java:2322) - POI2 Type is selected succesfully
 INFO 2014-07-14 16:13:01,791 [main] (Location.java:2339) - POI2 Zoom Level succesfully
 INFO 2014-07-14 16:13:01,831 [main] (Location.java:2354) - POI2 Max Zoom Level succesfully
 INFO 2014-07-14 16:13:02,221 [main] (Location.java:2368) - Entered Description successfully
 INFO 2014-07-14 16:13:02,721 [main] (Location.java:2391) - POI2 is saved succesfully
ERROR 2014-07-14 16:13:19,588 [main] (SeleniumUtils.java:655) - org.openqa.selenium.StaleElementReferenceException: Element not found in the cache - perhaps the page has changed since it was looked up
Command duration or timeout: 5.06 seconds
For documentation on this error, please visit: http://seleniumhq.org/exceptions/stale_element_reference.html
Build info: version: 'unknown', revision: 'unknown', time: 'unknown'
System info: host: 'bhargavas-w7', ip: '172.27.36.55', os.name: 'Windows Vista', os.arch: 'x86', os.version: '6.1', java.version: '1.6.0'
Session ID: 1e4d5075-8258-4045-8112-0f4e80d663e1
Driver info: org.openqa.selenium.firefox.FirefoxDriver
Capabilities [{platform=XP, acceptSslCerts=true, javascriptEnabled=true, browserName=firefox, rotatable=false, locationContextEnabled=true, version=30.0, cssSelectorsEnabled=true, databaseEnabled=true, handlesAlerts=true, browserConnectionEnabled=true, nativeEvents=false, webStorageEnabled=true, applicationCacheEnabled=true, takesScreenshot=true}]
 WARN 2014-07-14 16:13:26,114 [main] (Location.java:2642) - Test case [verifyMappingLayoutPullTab] is not added for execution in [Location]
ERROR 2014-07-14 16:13:50,074 [main] (SeleniumUtils.java:835) - x, y are required
ERROR 2014-07-14 16:14:06,422 [main] (SeleniumUtils.java:835) - x, y are required
ERROR 2014-07-14 16:14:22,380 [main] (SeleniumUtils.java:751) - x, y are required
ERROR 2014-07-14 16:14:34,053 [main] (SeleniumUtils.java:324) - org.openqa.selenium.NoAlertPresentException: No alert is present (WARNING: The server did not provide any stacktrace information)
Command duration or timeout: 2.23 seconds
Build info: version: 'unknown', revision: 'unknown', time: 'unknown'
System info: host: 'bhargavas-w7', ip: '172.27.36.55', os.name: 'Windows Vista', os.arch: 'x86', os.version: '6.1', java.version: '1.6.0'
Session ID: 1e4d5075-8258-4045-8112-0f4e80d663e1
Driver info: org.openqa.selenium.firefox.FirefoxDriver
Capabilities [{platform=XP, acceptSslCerts=true, javascriptEnabled=true, browserName=firefox, rotatable=false, locationContextEnabled=true, version=30.0, cssSelectorsEnabled=true, databaseEnabled=true, handlesAlerts=true, browserConnectionEnabled=true, nativeEvents=false, webStorageEnabled=true, applicationCacheEnabled=true, takesScreenshot=true}]
 INFO 2014-07-14 16:14:34,061 [main] (Location.java:3355) - Starting [logOut] execution
 INFO 2014-07-14 16:14:34,062 [main] (Location.java:3356) - Navigating to [Accounts] page
 INFO 2014-07-14 16:14:38,491 [main] (Location.java:3391) - Click on Sign Out button
 INFO 2014-07-15 15:16:54,061 [main] (Suite.java:42) - Starting the execution
 INFO 2014-07-15 15:16:54,062 [main] (Suite.java:43) - reading [config] file
 INFO 2014-07-15 15:16:54,329 [main] (Suite.java:64) - reading [config] file successful
 INFO 2014-07-15 15:16:54,398 [main] (Suite.java:85) - reading [ParentSuite] input file
 INFO 2014-07-15 15:16:54,407 [main] (Suite.java:107) - reading [ParentSuite] input file is successful
 INFO 2014-07-15 15:16:54,407 [main] (Suite.java:108) - The Test suites for execution..[login, phunwareClients, analytics, alertsAndnotifications, contentmanagement, advertising, location, commonscenarios]
 INFO 2014-07-15 15:16:54,421 [main] (Location.java:65) - reading [Location] Input file
 INFO 2014-07-15 15:16:54,435 [main] (Location.java:89) - reading [Location] Input file successful
 INFO 2014-07-15 15:16:54,435 [main] (Location.java:92) -  {[loginAs, clickAndVerifyLocationTab, verifyLocationTabLayout, verifyConfigureTabLayout, verifyNewVenueTabLayout, verifyMappingLayout, creatingDDCircle_One, AddingZoneTrigger_One, creatingPointOfInterest_One, savingPOI_One, creatingDDCircle_Two, AddingZoneTrigger_Two, creatingPointOfInterest_Two, savingPOI_Two, CreatingWayPoint, removingElementsOnMap, editingElements, logOut]} for execution in [Location] suite
 INFO 2014-07-15 15:16:54,450 [main] (Location.java:126) - opening [FIREFOX] browser
 INFO 2014-07-15 15:17:20,480 [main] (Location.java:137) - Identify Username, Password & Signin buttons
 INFO 2014-07-15 15:17:20,653 [main] (Location.java:164) - login into the application
 INFO 2014-07-15 15:17:31,909 [main] (Location.java:167) - Verify the landing page after login
ERROR 2014-07-15 15:17:36,997 [main] (SeleniumUtils.java:163) - Assertion error
 INFO 2014-07-15 15:17:36,998 [main] (Location.java:332) - User is landed on [YOUR ACCOUNT] page
 INFO 2014-07-15 15:17:36,998 [main] (Location.java:333) - Navigate to [YOUR APPLICATIONS] page
 INFO 2014-07-15 15:17:36,998 [main] (Location.java:334) - Verify if User has Switch button 
 INFO 2014-07-15 15:17:37,008 [main] (Location.java:349) - Click on [Switch Button]
 INFO 2014-07-15 15:17:37,122 [main] (Location.java:357) - Click operation on [Switch Button] is successful
 INFO 2014-07-15 15:17:37,123 [main] (Location.java:359) - Identify Switch button - Organization text box
 INFO 2014-07-15 15:17:38,178 [main] (Location.java:381) - Enter the Organization [phunware] name in the Switch btn Organization text box
 INFO 2014-07-15 15:17:46,006 [main] (Location.java:424) - Verify if user is landed on [Your Applications] page
 INFO 2014-07-15 15:17:46,108 [main] (Location.java:483) - Starting [clickAndVerifyLocationTab] execution
 INFO 2014-07-15 15:17:46,108 [main] (Location.java:484) - Verify if [LOCATION] tab is present
 INFO 2014-07-15 15:17:46,132 [main] (Location.java:508) - [LOCATION] tab is present
 INFO 2014-07-15 15:17:46,132 [main] (Location.java:509) - Navigate to [LOCATION] tab
 INFO 2014-07-15 15:17:55,975 [main] (Location.java:520) - Verify if user is landed on [LOCATION] page
 INFO 2014-07-15 15:17:56,065 [main] (Location.java:548) - Click operation on [LOCATION] tab successful
 INFO 2014-07-15 15:17:56,066 [main] (Location.java:549) - Test case [clickAndVerifyLocationTab] execution is successful
 INFO 2014-07-15 15:17:56,085 [main] (Location.java:580) - Verify all the sub tabs present in [LOCATION] tab
 INFO 2014-07-15 15:17:56,112 [main] (Location.java:608) - Identification of [Configure] sub-tab is Successful
 INFO 2014-07-15 15:17:56,138 [main] (Location.java:640) - Identificatio of [Map Editor] sub-tab is Successful
 INFO 2014-07-15 15:17:56,171 [main] (Location.java:668) - Identificatio of [Support] sub-tab is Successful
 INFO 2014-07-15 15:17:56,171 [main] (Location.java:669) - Identification of all the sub tabs in [LOCATION] tab successful
 INFO 2014-07-15 15:17:56,176 [main] (Location.java:697) - Starting [verifyConfigureTabLayout] execution
 INFO 2014-07-15 15:17:56,176 [main] (Location.java:698) - Verify if user is on [Configure] tab
 INFO 2014-07-15 15:17:56,242 [main] (Location.java:804) - Verify [New Venue Button]  is Successful
 INFO 2014-07-15 15:17:56,254 [main] (Location.java:817) - Identification  of Configure data is successful
 INFO 2014-07-15 15:17:56,258 [main] (Location.java:847) - Starting [verifyNewVenueTabLayout] execution
 INFO 2014-07-15 15:18:06,863 [main] (Location.java:1030) - Verify [cool Down Hours] Drop Down is Successful
 INFO 2014-07-15 15:18:06,871 [main] (Location.java:1044) - Verify [cool Down Minutes] Drop Down is Successful
 INFO 2014-07-15 15:18:06,881 [main] (Location.java:1059) - Verify [location add venue]check box pane is Successful
 INFO 2014-07-15 15:18:06,905 [main] (Location.java:1098) - Verify [Application Availability] Text is Successful
 INFO 2014-07-15 15:18:06,923 [main] (Location.java:1131) - Verify [Cancel Button] Text is Successful
 INFO 2014-07-15 15:18:06,942 [main] (Location.java:1163) - Verify [Save Button] Text is Successful
 INFO 2014-07-15 15:18:06,942 [main] (Location.java:1164) - Test case [verifyNewVenueLayout] is successful
 WARN 2014-07-15 15:18:06,945 [main] (Location.java:1186) - Test case [validatingAddingNewVenue] is not added for execution in [Location]
 WARN 2014-07-15 15:18:06,950 [main] (Location.java:1251) - Test case [createNewVenue] is not added for execution in [Location]
 INFO 2014-07-15 15:18:08,983 [main] (Location.java:1399) - Verify [Map Editor] is Successful
 INFO 2014-07-15 15:18:14,167 [main] (Location.java:1422) - Identifying of  [Venue Selection DD] is Successful
 INFO 2014-07-15 15:18:14,177 [main] (Location.java:1437) - Identifying of  [Building Selection DD] is Successful
 INFO 2014-07-15 15:18:14,187 [main] (Location.java:1454) - Identifying of  [Level Selection DD] is Successful
ERROR 2014-07-15 15:18:19,322 [main] (SeleniumUtils.java:143) - Unable to identify the element with id xpath and value .//a[@class='leaflet-control-zoom-in']
ERROR 2014-07-15 15:18:19,322 [main] (Location.java:1464) - Unable to identify [LocationMapEditorZoomIn]
 INFO 2014-07-15 15:18:19,643 [main] (Location.java:1469) - Identifying of  [Zoom In Button] is Successful
ERROR 2014-07-15 15:18:24,748 [main] (SeleniumUtils.java:143) - Unable to identify the element with id xpath and value .//a[@class='leaflet-control-zoom-out leaflet-disabled']
ERROR 2014-07-15 15:18:24,749 [main] (Location.java:1479) - Unable to identify [LocationMapEditorZoomOut]
 INFO 2014-07-15 15:18:28,503 [main] (Location.java:1484) - Identifying of  [Zoom-Out Button] is Successful
 INFO 2014-07-15 15:18:28,513 [main] (Location.java:1499) - Identifying of  [Draw-Draw-Marker] is Successful
 INFO 2014-07-15 15:18:28,522 [main] (Location.java:1514) - Identifying of  [Draw-Draw-Point] is Successful
 INFO 2014-07-15 15:18:28,531 [main] (Location.java:1529) - Identifying of  [Draw-Draw-Point] is Successful
 INFO 2014-07-15 15:18:28,544 [main] (Location.java:1544) - Identifying of  [Draw-Draw-PolyLine] is Successful
 INFO 2014-07-15 15:18:28,554 [main] (Location.java:1559) - Identifying of  [Draw-Draw-Circle] is Successful
 INFO 2014-07-15 15:18:28,563 [main] (Location.java:1574) - Identifying of  [Edit-Edit  Butoon] is Successful
 INFO 2014-07-15 15:18:28,572 [main] (Location.java:1589) - Identifying of  [Edit-Remove] is Successful
 INFO 2014-07-15 15:18:28,594 [main] (Location.java:1625) - Verify [Toggle Segments checkBox] is Successful
ERROR 2014-07-15 15:18:33,708 [main] (SeleniumUtils.java:143) - Unable to identify the element with id xpath and value .//label[@for='toggleRoutes']
ERROR 2014-07-15 15:18:33,709 [main] (Location.java:1635) - Unable to identify [LocationMapEdiorToggleRoutes]
ERROR 2014-07-15 15:18:34,102 [main] (SeleniumUtils.java:203) - Error while reading the text of a element. The error message is java.lang.NullPointerException
ERROR 2014-07-15 15:18:34,102 [main] (SeleniumUtils.java:167) - AssertionEqual has failed.And the error message is java.lang.NullPointerException
ERROR 2014-07-15 15:18:34,102 [main] (Location.java:1649) - [LocationMapEdiorToggleRoutes]  text matching failed: The expected text is [null] and the actual return text is [Routes]
 INFO 2014-07-15 15:18:34,477 [main] (Location.java:1659) - Verify [Toggle Routes checkBox] is Successful
 INFO 2014-07-15 15:18:34,498 [main] (Location.java:1686) - Verify [Toggle Zones checkBox] is Successful
 INFO 2014-07-15 15:18:34,508 [main] (Location.java:1717) - Test case [creatingDDCircle_One] is added for execution in [Location]
 INFO 2014-07-15 15:18:36,530 [main] (Location.java:1731) - Identifying of  [LocationMapEditorDDCircle] is Successful
 INFO 2014-07-15 15:18:36,531 [main] (Location.java:1732) - creating the zone in the map
 INFO 2014-07-15 15:18:41,900 [main] (Location.java:1744) - creating Circle is completed 
 INFO 2014-07-15 15:18:41,907 [main] (Location.java:1776) - saving the created cirle_one by providing name, message, cooldownHours and CoolDownMinutes
ERROR 2014-07-15 15:18:46,961 [main] (SeleniumUtils.java:143) - Unable to identify the element with id xpath and value .//input[@id='zone_save_name']
ERROR 2014-07-15 15:18:46,962 [main] (SeleniumUtils.java:266) - Error while typing the textjava.lang.NullPointerException
 INFO 2014-07-15 15:18:46,962 [main] (Location.java:1782) - inserted name successfully
ERROR 2014-07-15 15:18:52,082 [main] (SeleniumUtils.java:143) - Unable to identify the element with id xpath and value .//textarea[@id='zone_save_alertHandler_actionDataMessage']
ERROR 2014-07-15 15:18:52,083 [main] (SeleniumUtils.java:266) - Error while typing the textjava.lang.NullPointerException
 INFO 2014-07-15 15:18:52,083 [main] (Location.java:1789) - inserted Message successfully
ERROR 2014-07-15 15:18:57,202 [main] (SeleniumUtils.java:143) - Unable to identify the element with id xpath and value .//div[@id='zone-edit-form']/div[5]/div[1]/div[@class='selectbox']/label/select[@id='zone-cooldown-hours']
ERROR 2014-07-15 15:18:57,203 [main] (SeleniumUtils.java:417) - java.lang.NullPointerException
ERROR 2014-07-15 15:18:57,204 [main] (Location.java:1796) - Unable to identify [ZoneCoolDownHours]
ERROR 2014-07-15 15:19:02,746 [main] (SeleniumUtils.java:143) - Unable to identify the element with id xpath and value .//div[@id='zone-edit-form']/div[5]/div[1]/div[@class='selectbox']/label/select[@id='zone-cooldown-hours']
ERROR 2014-07-15 15:19:02,750 [main] (SeleniumUtils.java:289) - java.lang.NullPointerException
ERROR 2014-07-15 15:19:02,751 [main] (Location.java:1808) - Unable to select  [15] from dropdown
 INFO 2014-07-15 15:19:03,153 [main] (Location.java:1818) - cooldownHours selected succesfully
ERROR 2014-07-15 15:19:08,169 [main] (SeleniumUtils.java:143) - Unable to identify the element with id xpath and value .//div[@id='zone-edit-form']/div[5]/div[2]/div[@class='selectbox']/label/select[@id='zone-cooldown-mins']
ERROR 2014-07-15 15:19:08,170 [main] (SeleniumUtils.java:417) - java.lang.NullPointerException
ERROR 2014-07-15 15:19:13,288 [main] (SeleniumUtils.java:143) - Unable to identify the element with id xpath and value .//div[@id='zone-edit-form']/div[5]/div[2]/div[@class='selectbox']/label/select[@id='zone-cooldown-mins']
ERROR 2014-07-15 15:19:13,289 [main] (SeleniumUtils.java:289) - java.lang.NullPointerException
ERROR 2014-07-15 15:19:13,290 [main] (Location.java:1832) - Unable to select  [45] from dropdown
 INFO 2014-07-15 15:19:13,697 [main] (Location.java:1840) - cooldownMints selected succesfully
ERROR 2014-07-15 15:19:18,802 [main] (SeleniumUtils.java:143) - Unable to identify the element with id xpath and value .//button[@id='add-zone-save-btn']
ERROR 2014-07-15 15:19:18,803 [main] (SeleniumUtils.java:417) - java.lang.NullPointerException
ERROR 2014-07-15 15:19:18,803 [main] (Location.java:1847) - Unable to identify [ZoneSaveBtn]
 INFO 2014-07-15 15:19:19,139 [main] (Location.java:1858) - zone1 saved succesfully
 INFO 2014-07-15 15:19:22,029 [main] (Location.java:1901) - POI1 is created successfully 
 INFO 2014-07-15 15:19:24,987 [main] (Location.java:1944) - POI1 : inserted name successfully
 INFO 2014-07-15 15:19:25,287 [main] (Location.java:1958) - POI1 Type is selected succesfully
 INFO 2014-07-15 15:19:25,568 [main] (Location.java:1970) - inserted portalID successfully
 INFO 2014-07-15 15:19:25,630 [main] (Location.java:1987) - POI1 Zoom Level succesfully
 INFO 2014-07-15 15:19:25,683 [main] (Location.java:2002) - POI1 Max Zoom Level succesfully
 INFO 2014-07-15 15:19:26,049 [main] (Location.java:2016) - Entered Description successfully
 INFO 2014-07-15 15:19:26,532 [main] (Location.java:2039) - POI1 is saved succesfully
 INFO 2014-07-15 15:19:26,538 [main] (Location.java:2068) - Test case [creatingDDCircle_Two] is added for execution in [Location]
 INFO 2014-07-15 15:19:29,217 [main] (Location.java:2084) - Identifying of  [LocationMapEditorDDCircle] is Successful
 INFO 2014-07-15 15:19:29,217 [main] (Location.java:2085) - creating the zone in the map
 INFO 2014-07-15 15:19:34,987 [main] (Location.java:2091) - creating Circle is completed 
 INFO 2014-07-15 15:19:34,998 [main] (Location.java:2122) - saving the created cirle_two by providing name, message, cooldownHours and CoolDownMinutes
 INFO 2014-07-15 15:19:39,497 [main] (Location.java:2139) - inserted name successfully
 INFO 2014-07-15 15:19:39,909 [main] (Location.java:2152) - inserted Message successfully
 INFO 2014-07-15 15:19:40,236 [main] (Location.java:2172) - cooldownHours selected succesfully
 INFO 2014-07-15 15:19:40,512 [main] (Location.java:2192) - cooldownMints selected succesfully
 INFO 2014-07-15 15:19:40,636 [main] (Location.java:2203) - zone2 saved succesfully
 INFO 2014-07-15 15:19:43,058 [main] (Location.java:2246) - POI2 is created successfully 
ERROR 2014-07-15 15:19:57,247 [main] (SeleniumUtils.java:417) - org.openqa.selenium.TimeoutException: Timed out after 10 seconds waiting for visibility of [[FirefoxDriver: firefox on XP (59c868c9-acd7-44f2-ae1f-1c9f45a9006d)] -> xpath: .//input[@id='point_save_portalId']]
Build info: version: '2.40.0', revision: 'fbe29a9', time: '2014-02-19 20:54:28'
System info: host: 'bhargavas-w7', ip: '172.27.36.55', os.name: 'Windows Vista', os.arch: 'x86', os.version: '6.1', java.version: '1.6.0'
Driver info: driver.version: unknown
ERROR 2014-07-15 15:19:57,253 [main] (Location.java:2283) - Unable to identify [POIPortalId]
ERROR 2014-07-15 15:19:57,624 [main] (SeleniumUtils.java:266) - Error while typing the textjava.lang.NullPointerException
 INFO 2014-07-15 15:19:57,624 [main] (Location.java:2289) - inserted portalID successfully
 INFO 2014-07-15 15:20:10,051 [main] (Location.java:2306) - POI2 : inserted name successfully
 INFO 2014-07-15 15:20:10,302 [main] (Location.java:2320) - POI2 Type is selected succesfully
 INFO 2014-07-15 15:20:10,366 [main] (Location.java:2337) - POI2 Zoom Level succesfully
 INFO 2014-07-15 15:20:10,413 [main] (Location.java:2352) - POI2 Max Zoom Level succesfully
 INFO 2014-07-15 15:20:10,775 [main] (Location.java:2366) - Entered Description successfully
 INFO 2014-07-15 15:20:11,289 [main] (Location.java:2389) - POI2 is saved succesfully
 WARN 2014-07-15 15:20:48,067 [main] (Location.java:2640) - Test case [verifyMappingLayoutPullTab] is not added for execution in [Location]
ERROR 2014-07-15 15:21:12,082 [main] (SeleniumUtils.java:833) - x, y are required
ERROR 2014-07-15 15:21:28,504 [main] (SeleniumUtils.java:833) - x, y are required
ERROR 2014-07-15 15:21:44,816 [main] (SeleniumUtils.java:749) - x, y are required
ERROR 2014-07-15 15:21:56,507 [main] (SeleniumUtils.java:324) - org.openqa.selenium.NoAlertPresentException: No alert is present (WARNING: The server did not provide any stacktrace information)
Command duration or timeout: 2.20 seconds
Build info: version: '2.40.0', revision: 'fbe29a9', time: '2014-02-19 20:54:28'
System info: host: 'bhargavas-w7', ip: '172.27.36.55', os.name: 'Windows Vista', os.arch: 'x86', os.version: '6.1', java.version: '1.6.0'
Session ID: 59c868c9-acd7-44f2-ae1f-1c9f45a9006d
Driver info: org.openqa.selenium.firefox.FirefoxDriver
Capabilities [{platform=XP, acceptSslCerts=true, javascriptEnabled=true, browserName=firefox, rotatable=false, locationContextEnabled=true, version=30.0, cssSelectorsEnabled=true, databaseEnabled=true, handlesAlerts=true, browserConnectionEnabled=true, nativeEvents=false, webStorageEnabled=true, applicationCacheEnabled=true, takesScreenshot=true}]
 INFO 2014-07-15 15:21:56,518 [main] (Location.java:3347) - Starting [logOut] execution
 INFO 2014-07-15 15:21:56,519 [main] (Location.java:3348) - Navigating to [Accounts] page
 INFO 2014-07-15 15:22:00,930 [main] (Location.java:3383) - Click on Sign Out button
 INFO 2014-07-16 12:17:41,269 [main] (Suite.java:42) - Starting the execution
 INFO 2014-07-16 12:17:41,269 [main] (Suite.java:43) - reading [config] file
 INFO 2014-07-16 12:17:41,530 [main] (Suite.java:64) - reading [config] file successful
 INFO 2014-07-16 12:17:41,610 [main] (Suite.java:85) - reading [ParentSuite] input file
 INFO 2014-07-16 12:17:41,610 [main] (Suite.java:107) - reading [ParentSuite] input file is successful
 INFO 2014-07-16 12:17:41,610 [main] (Suite.java:108) - The Test suites for execution..[login, phunwareClients, analytics, alertsAndnotifications, contentmanagement, advertising, location, commonscenarios]
 INFO 2014-07-16 12:17:41,660 [main] (ContentManagement.java:74) - reading ContentManagement Input file
 INFO 2014-07-16 12:17:41,680 [main] (ContentManagement.java:97) - reading [ContentManagement] Input file successful
 INFO 2014-07-16 12:17:41,680 [main] (ContentManagement.java:98) -  {[loginAs, verifyContentLayout, verifyStructureLayout, verifySchemasLayout, verifyCreateNewSchemaLayout, validationsOnCreateNewSchema, createNewSchema, verifySchema, editSchema, deleteSchema, createNewComplexSchema, createNewContainer, editContainer, deleteContainer, createContainerWithSchema, putContentInContainer, createSchemaWithMultiLineHtml, deleteTestData, logOut]} for execution in [ContentManagement] suite
 INFO 2014-07-16 12:17:41,720 [main] (ContentManagement.java:134) - opening [FIREFOX] browser
 INFO 2014-07-16 12:18:00,414 [main] (ContentManagement.java:145) - Identify Username, Password & Signin buttons
 INFO 2014-07-16 12:18:00,635 [main] (ContentManagement.java:172) - login into the application
 INFO 2014-07-16 12:18:15,048 [main] (ContentManagement.java:175) - Verify the landing page after login
ERROR 2014-07-16 12:18:20,126 [main] (SeleniumUtils.java:163) - Assertion error
 INFO 2014-07-16 12:18:20,126 [main] (ContentManagement.java:340) - User is landed on [YOUR ACCOUNT] page
 INFO 2014-07-16 12:18:20,126 [main] (ContentManagement.java:341) - Navigate to [YOUR APPLICATIONS] page
 INFO 2014-07-16 12:18:20,127 [main] (ContentManagement.java:342) - Verify if User has Switch button 
 INFO 2014-07-16 12:18:20,151 [main] (ContentManagement.java:357) - Click on [Switch Button]
 INFO 2014-07-16 12:18:20,302 [main] (ContentManagement.java:365) - Click operation on [Switch Button] is successful
 INFO 2014-07-16 12:18:20,302 [main] (ContentManagement.java:367) - Identify Switch button - Organization text box
 INFO 2014-07-16 12:18:21,333 [main] (ContentManagement.java:389) - Enter the Organization [cybage] name in the Switch btn Organization text box
 INFO 2014-07-16 12:18:29,190 [main] (ContentManagement.java:432) - Verify if user is landed on [Your Applications] page
 INFO 2014-07-16 12:18:29,261 [main] (ContentManagement.java:492) - Starting [verifyContentLayout] execution
 INFO 2014-07-16 12:18:29,261 [main] (ContentManagement.java:493) - Navigating to [Content Management] tab
 INFO 2014-07-16 12:18:42,822 [main] (ContentManagement.java:528) - Verify all the sub tabs in [Content Management] tab
 INFO 2014-07-16 12:18:42,903 [main] (ContentManagement.java:559) - Verification of [Content] tab text is successful
 INFO 2014-07-16 12:18:42,903 [main] (ContentManagement.java:560) - Verify [Structure] tab
 INFO 2014-07-16 12:18:42,923 [main] (ContentManagement.java:592) - Verification of [Structure] tab text is successful
 INFO 2014-07-16 12:18:42,923 [main] (ContentManagement.java:593) - Verify [Schemas] tab
 INFO 2014-07-16 12:18:42,953 [main] (ContentManagement.java:624) - Verification of [Schemas] tab text is successful
 INFO 2014-07-16 12:18:42,953 [main] (ContentManagement.java:625) - Verify [S3] tab
 INFO 2014-07-16 12:18:42,953 [main] (ContentManagement.java:648) - Verification of all the sub tabs in [Content Management] tab is successful
 INFO 2014-07-16 12:18:42,953 [main] (ContentManagement.java:649) - Verify if user is on [Content] sub tab in [Content Management] tab
 INFO 2014-07-16 12:18:43,003 [main] (ContentManagement.java:712) - Starting [verifyStructureLayout] execution
 INFO 2014-07-16 12:18:43,003 [main] (ContentManagement.java:713) - Navigate to [Structure] tab
 INFO 2014-07-16 12:18:45,063 [main] (ContentManagement.java:746) - Verification of [Structure] tab text is successful
 INFO 2014-07-16 12:18:53,488 [main] (ContentManagement.java:749) - Verify if user is on [Structure] tab
 INFO 2014-07-16 12:18:53,549 [main] (ContentManagement.java:786) - Navigation to [Structure] tab is successful
 INFO 2014-07-16 12:18:53,549 [main] (ContentManagement.java:787) - Verify 'New Container' button is present in [Structure] sub tab
 INFO 2014-07-16 12:18:53,579 [main] (ContentManagement.java:832) - Starting [verifySchemasLayout] execution
 INFO 2014-07-16 12:18:53,579 [main] (ContentManagement.java:833) - Navigate to [Schemas] tab
 INFO 2014-07-16 12:18:53,619 [main] (ContentManagement.java:864) - Identification of [Schemas] tab text is successful
 INFO 2014-07-16 12:19:01,759 [main] (ContentManagement.java:867) - Verify if user is on [Schemas] tab
 INFO 2014-07-16 12:19:01,830 [main] (ContentManagement.java:902) - Navigation to [Schemas] tab is successful
 INFO 2014-07-16 12:19:01,830 [main] (ContentManagement.java:903) - Verify 'New Schema' button is present in [Schemas] sub tab
 INFO 2014-07-16 12:19:01,850 [main] (ContentManagement.java:948) - Starting [verifyCreateNewSchemaLayout] execution
 INFO 2014-07-16 12:19:01,850 [main] (ContentManagement.java:949) - Verify if User is on [Schemas] tab
 INFO 2014-07-16 12:19:01,880 [main] (ContentManagement.java:1037) - User is on [Schemas] tab
 INFO 2014-07-16 12:19:01,880 [main] (ContentManagement.java:1038) - Click on 'New Schema' button
 INFO 2014-07-16 12:19:14,713 [main] (ContentManagement.java:1057) - Click operation on 'New Schema' button is successful
 INFO 2014-07-16 12:19:14,713 [main] (ContentManagement.java:1058) - Verify if User is on 'Create New Schema' page
 INFO 2014-07-16 12:19:14,774 [main] (ContentManagement.java:1093) - User is on 'Create New Schema' page
 INFO 2014-07-16 12:19:14,774 [main] (ContentManagement.java:1094) - Verify 'Create New Schema' page Layout
 INFO 2014-07-16 12:19:14,834 [main] (ContentManagement.java:1200) - Verification of 'Name' and 'Description' fields are successful
 INFO 2014-07-16 12:19:14,864 [main] (ContentManagement.java:1233) - Verification of 'ADD ATTRIBUTE' & 'ADD FIELD' buttons successful
 INFO 2014-07-16 12:19:14,894 [main] (ContentManagement.java:1310) - Verification of Attributes & Fields labels successful
 INFO 2014-07-16 12:19:14,914 [main] (ContentManagement.java:1343) - Verification of 'CANCEL' & 'SAVE' buttons successful
 INFO 2014-07-16 12:19:14,914 [main] (ContentManagement.java:1344) - Click on 'ADD ATTRIBUTE' button and Verify fields
 INFO 2014-07-16 12:19:26,350 [main] (ContentManagement.java:1393) - Verification of 'ADD ATTRIBUTE' fields successful
 INFO 2014-07-16 12:19:26,350 [main] (ContentManagement.java:1394) - Verify 'ADD FIELDS' fields
 INFO 2014-07-16 12:19:36,796 [main] (ContentManagement.java:1467) - Starting [validationsOnCreateNewSchema] execution
 INFO 2014-07-16 12:19:36,796 [main] (ContentManagement.java:1468) - Verify if User is on [Create New Schema] page
 INFO 2014-07-16 12:19:36,837 [main] (ContentManagement.java:1635) - User is on [Create New Schema] tab
 INFO 2014-07-16 12:19:36,837 [main] (ContentManagement.java:1636) - Verify validations on Create new Schema 
 INFO 2014-07-16 12:19:41,047 [main] (ContentManagement.java:1712) - Click operation is successful on 'SAVE' button. Verify 'Name' field is mandatory for creating container
 INFO 2014-07-16 12:19:41,108 [main] (ContentManagement.java:1737) - Validation on 'Name' field is successful. User is on [CREATE NEW SCHEMA] page
 INFO 2014-07-16 12:19:41,118 [main] (ContentManagement.java:1746) - Enter the schema [Cybage Automation Test Schema] in Name textbox
 INFO 2014-07-16 12:19:41,308 [main] (ContentManagement.java:1750) - Entering Schema in Name textbox is successful
 INFO 2014-07-16 12:19:41,308 [main] (ContentManagement.java:1751) - Click on 'SAVE' button
 INFO 2014-07-16 12:19:47,232 [main] (ContentManagement.java:1772) - Click operation is successful on 'SAVE' button. Verify 'Name' field is mandatory for creating container
 INFO 2014-07-16 12:19:47,297 [main] (ContentManagement.java:1819) - Validation success at Fields in [CREATE NEW SCHEMA]
 INFO 2014-07-16 12:19:57,058 [main] (ContentManagement.java:1859) - Click operation is successful on 'SAVE' button. Verify 'Name' field is mandatory for creating container
 INFO 2014-07-16 12:20:03,505 [main] (ContentManagement.java:1928) - Click operation is successful on 'SAVE' button. Verify 'Name' field is mandatory for creating container
 INFO 2014-07-16 12:20:10,026 [main] (ContentManagement.java:1980) - Click operation on ADD ATTRIBUTE is successful
 INFO 2014-07-16 12:20:16,209 [main] (ContentManagement.java:1992) - Click operation is successful on 'SAVE' button. Verify 'Name' field is mandatory for creating container
 INFO 2014-07-16 12:20:22,629 [main] (ContentManagement.java:2052) - Click operation is successful on 'SAVE' button. Verify 'Name' field is mandatory for creating container
 INFO 2014-07-16 12:20:29,726 [main] (ContentManagement.java:2120) - Starting [createNewSchema] execution
 INFO 2014-07-16 12:20:29,726 [main] (ContentManagement.java:2121) - Verify if User is on [Create New Schema] page
ERROR 2014-07-16 12:20:35,779 [main] (SeleniumUtils.java:163) - Assertion error
 INFO 2014-07-16 12:20:35,779 [main] (ContentManagement.java:2138) - User is not on [Create New Schema] page
 INFO 2014-07-16 12:20:35,779 [main] (ContentManagement.java:2139) - Navigate to [Schemas] tab
 INFO 2014-07-16 12:20:54,561 [main] (ContentManagement.java:2268) - User is on [Create New Schema] tab
 INFO 2014-07-16 12:20:54,561 [main] (ContentManagement.java:2269) - Create new Schema 
 INFO 2014-07-16 12:20:55,152 [main] (ContentManagement.java:2367) - Click on ADD ATTRIBUTE button
 INFO 2014-07-16 12:21:00,361 [main] (ContentManagement.java:2370) - Click operation on 'ADD ATTRIBUTE' button is successful. Enter data in 'Key' and 'Val' fields
 INFO 2014-07-16 12:21:00,912 [main] (ContentManagement.java:2409) - Click on 'ADD FIELD' button
 INFO 2014-07-16 12:21:07,224 [main] (ContentManagement.java:2412) - Click operation on 'ADD FIELD' button is successful
ERROR 2014-07-16 12:21:08,045 [main] (SeleniumUtils.java:289) - java.lang.NullPointerException
 INFO 2014-07-16 12:21:19,015 [main] (ContentManagement.java:2513) - Test case [createNewSchema] is successful
 INFO 2014-07-16 12:21:19,025 [main] (ContentManagement.java:2535) - Starting [verifySchema] execution
 INFO 2014-07-16 12:21:19,025 [main] (ContentManagement.java:2536) - Verify if User is on [Schemas] page
 INFO 2014-07-16 12:21:19,056 [main] (ContentManagement.java:2626) - User is on [Schemas] tab
 INFO 2014-07-16 12:21:19,056 [main] (ContentManagement.java:2627) - Verify if Schemas List present in [Schemas] tab
 INFO 2014-07-16 12:22:26,256 [main] (ContentManagement.java:2643) - Verification of Schemas List is successful. Schemas List is present in [Schemas] tab
 INFO 2014-07-16 12:22:26,256 [main] (ContentManagement.java:2645) - Verify [Cybage Automation Test Schema] schema present in the Schemas List
 INFO 2014-07-16 12:22:26,631 [main] (ContentManagement.java:2660) - [Cybage Automation Test Schema] schema present in the Schemas List
 INFO 2014-07-16 12:22:26,631 [main] (ContentManagement.java:2662) - Execution of verifySchema is successful
 INFO 2014-07-16 12:22:26,631 [main] (ContentManagement.java:2688) - Starting [editSchema] execution
 INFO 2014-07-16 12:22:26,641 [main] (ContentManagement.java:2689) - Verify if User is on [Schemas] page
 INFO 2014-07-16 12:22:26,651 [main] (ContentManagement.java:2780) - User is on [Schemas] tab
 INFO 2014-07-16 12:22:26,651 [main] (ContentManagement.java:2781) - Verify if Schemas List present in [Schemas] tab
 INFO 2014-07-16 12:22:28,685 [main] (ContentManagement.java:2797) - Verification of Schemas List is successful
 INFO 2014-07-16 12:22:28,685 [main] (ContentManagement.java:2798) - Edit the [Cybage Automation Test Schema] schema
ERROR 2014-07-16 12:23:01,931 [main] (SeleniumUtils.java:417) - org.openqa.selenium.TimeoutException: Timed out after 10 seconds waiting for visibility of [[FirefoxDriver: firefox on XP (f7e3dfac-d600-4953-af67-a47bb601756a)] -> xpath: .//div[@class='alert alert-success']]
Build info: version: '2.40.0', revision: 'fbe29a9', time: '2014-02-19 20:54:28'
System info: host: 'bhargavas-w7', ip: '172.27.36.55', os.name: 'Windows Vista', os.arch: 'x86', os.version: '6.1', java.version: '1.6.0'
Driver info: driver.version: unknown
ERROR 2014-07-16 12:23:01,932 [main] (SeleniumUtils.java:203) - Error while reading the text of a element. The error message is java.lang.NullPointerException
ERROR 2014-07-16 12:23:01,932 [main] (SeleniumUtils.java:167) - AssertionEqual has failed.And the error message is java.lang.NullPointerException
ERROR 2014-07-16 12:23:01,932 [main] (ContentManagement.java:2894) - 'Schema' success message text matching failed. The Expected text is [
Your schema has been saved.] and the actual return text is [null]
 INFO 2014-07-16 12:23:02,345 [main] (ContentManagement.java:2939) - Test case [editSchema] is successful
 INFO 2014-07-16 12:23:02,375 [main] (ContentManagement.java:2967) - Starting [deleteSchema] execution
 INFO 2014-07-16 12:23:02,385 [main] (ContentManagement.java:2968) - Verify if User is on [Schemas] page
 INFO 2014-07-16 12:23:04,461 [main] (ContentManagement.java:3067) - User is on [Schemas] tab
 INFO 2014-07-16 12:23:04,461 [main] (ContentManagement.java:3068) - Verify if Schemas List present in [Schemas] tab
 INFO 2014-07-16 12:23:04,462 [main] (ContentManagement.java:3083) - Verification of Schemas List is successful. Schemas List is present in [Schemas] tab
 INFO 2014-07-16 12:23:04,462 [main] (ContentManagement.java:3085) - Verify [Cybage Automation Test SchemaEdit] schema present in the Schemas List
 INFO 2014-07-16 12:23:50,630 [main] (ContentManagement.java:3118) - [Cybage Automation Test SchemaEdit] schema present in the Schemas List
ERROR 2014-07-16 12:24:03,691 [main] (SeleniumUtils.java:324) - org.openqa.selenium.NoAlertPresentException: No alert is present (WARNING: The server did not provide any stacktrace information)
Command duration or timeout: 2.36 seconds
Build info: version: '2.40.0', revision: 'fbe29a9', time: '2014-02-19 20:54:28'
System info: host: 'bhargavas-w7', ip: '172.27.36.55', os.name: 'Windows Vista', os.arch: 'x86', os.version: '6.1', java.version: '1.6.0'
Session ID: f7e3dfac-d600-4953-af67-a47bb601756a
Driver info: org.openqa.selenium.firefox.FirefoxDriver
Capabilities [{platform=XP, acceptSslCerts=true, javascriptEnabled=true, browserName=firefox, rotatable=false, locationContextEnabled=true, version=30.0, cssSelectorsEnabled=true, databaseEnabled=true, handlesAlerts=true, browserConnectionEnabled=true, nativeEvents=false, webStorageEnabled=true, applicationCacheEnabled=true, takesScreenshot=true}]
ERROR 2014-07-16 12:24:18,932 [main] (SeleniumUtils.java:444) - org.openqa.selenium.TimeoutException: Timed out after 10 seconds waiting for text ('
Your schema has been deleted.') to be present in element found by By.xpath: .//div[@class='alert alert-success']
Build info: version: '2.40.0', revision: 'fbe29a9', time: '2014-02-19 20:54:28'
System info: host: 'bhargavas-w7', ip: '172.27.36.55', os.name: 'Windows Vista', os.arch: 'x86', os.version: '6.1', java.version: '1.6.0'
Driver info: driver.version: unknown
ERROR 2014-07-16 12:24:18,943 [main] (SeleniumUtils.java:163) - Assertion error
ERROR 2014-07-16 12:24:18,944 [main] (ContentManagement.java:3177) - 'Schema' success message text matching failed. The Expected text is [
Your schema has been deleted.] and the actual return text is []
 INFO 2014-07-16 12:24:19,256 [main] (ContentManagement.java:3224) - Starting [createNewComplexSchema] execution
 INFO 2014-07-16 12:24:19,256 [main] (ContentManagement.java:3225) - Verify if User is on [Create New Schema] page
ERROR 2014-07-16 12:24:19,276 [main] (SeleniumUtils.java:163) - Assertion error
 INFO 2014-07-16 12:24:19,276 [main] (ContentManagement.java:3241) - User is not on [Create New Schema] page
 INFO 2014-07-16 12:24:19,276 [main] (ContentManagement.java:3242) - Navigate to [Schemas] tab
 INFO 2014-07-16 12:24:37,179 [main] (ContentManagement.java:3371) - User is on [Create New Schema] tab
 INFO 2014-07-16 12:24:37,179 [main] (ContentManagement.java:3372) - Create new Complex Schema 
 INFO 2014-07-16 12:24:37,722 [main] (ContentManagement.java:3504) - Click on ADD ATTRIBUTE button
 INFO 2014-07-16 12:24:42,859 [main] (ContentManagement.java:3525) - Click operation on 'ADD ATTRIBUTE' button is successful. Enter data in 'Key' and 'Val' fields
 INFO 2014-07-16 12:24:47,900 [main] (ContentManagement.java:3564) - Click on 'ADD FIELD' button
 INFO 2014-07-16 12:24:53,421 [main] (ContentManagement.java:3577) - Click operation on 'ADD FIELD' button is successful
ERROR 2014-07-16 12:25:03,516 [main] (SeleniumUtils.java:143) - Unable to identify the element with id xpath and value .//div[@id='dashboard-new-schema']/form/div[@class='schema-fields ui-sortable']/div[1]/div[1]/div[1]/div/div[1]/input
ERROR 2014-07-16 12:25:03,516 [main] (ContentManagement.java:3605) - Unable to identify 'Label1' field textbox in [Create New Schema] page
ERROR 2014-07-16 12:25:03,771 [main] (SeleniumUtils.java:266) - Error while typing the textjava.lang.NullPointerException
ERROR 2014-07-16 12:25:08,815 [main] (SeleniumUtils.java:143) - Unable to identify the element with id xpath and value .//div[@id='dashboard-new-schema']/form/div[@class='schema-fields ui-sortable']/div[1]/div[1]/div[1]/div/div[2]/input
ERROR 2014-07-16 12:25:08,815 [main] (ContentManagement.java:3623) - Unable to identify 'Field1' field textbox in [Create New Schema] page
ERROR 2014-07-16 12:25:09,025 [main] (SeleniumUtils.java:266) - Error while typing the textjava.lang.NullPointerException
ERROR 2014-07-16 12:25:14,075 [main] (SeleniumUtils.java:143) - Unable to identify the element with id xpath and value .//div[@id='dashboard-new-schema']/form/div[@class='schema-fields ui-sortable']/div[1]/div[1]/div[2]/div/div/input
ERROR 2014-07-16 12:25:14,085 [main] (ContentManagement.java:3641) - Unable to identify 'Description1' field textbox in [Create New Schema] page
ERROR 2014-07-16 12:25:14,314 [main] (SeleniumUtils.java:266) - Error while typing the textjava.lang.NullPointerException
ERROR 2014-07-16 12:25:19,345 [main] (SeleniumUtils.java:143) - Unable to identify the element with id xpath and value .//div[@id='dashboard-new-schema']/form/div[@class='schema-fields ui-sortable']/div[2]/div[1]/div[1]/div/div[1]/input
ERROR 2014-07-16 12:25:19,355 [main] (ContentManagement.java:3659) - Unable to identify 'Label2' field textbox in [Create New Schema] page
ERROR 2014-07-16 12:25:19,770 [main] (SeleniumUtils.java:266) - Error while typing the textjava.lang.NullPointerException
ERROR 2014-07-16 12:25:24,820 [main] (SeleniumUtils.java:143) - Unable to identify the element with id xpath and value .//div[@id='dashboard-new-schema']/form/div[@class='schema-fields ui-sortable']/div[2]/div[1]/div[1]/div/div[2]/input
ERROR 2014-07-16 12:25:24,820 [main] (ContentManagement.java:3676) - Unable to identify 'Field2' field textbox in [Create New Schema] page
ERROR 2014-07-16 12:25:25,102 [main] (SeleniumUtils.java:266) - Error while typing the textjava.lang.NullPointerException
ERROR 2014-07-16 12:25:30,118 [main] (SeleniumUtils.java:143) - Unable to identify the element with id xpath and value .//div[@id='dashboard-new-schema']/form/div[@class='schema-fields ui-sortable']/div[2]/div[1]/div[2]/div/div/input
ERROR 2014-07-16 12:25:30,128 [main] (ContentManagement.java:3693) - Unable to identify 'Description2' field textbox in [Create New Schema] page
ERROR 2014-07-16 12:25:30,356 [main] (SeleniumUtils.java:266) - Error while typing the textjava.lang.NullPointerException
ERROR 2014-07-16 12:25:35,436 [main] (SeleniumUtils.java:143) - Unable to identify the element with id xpath and value .//div[@id='dashboard-new-schema']/form/div[@class='schema-fields ui-sortable']/div[3]/div[1]/div[1]/div/div[1]/input
ERROR 2014-07-16 12:25:35,446 [main] (ContentManagement.java:3710) - Unable to identify 'Label3' field textbox in [Create New Schema] page
ERROR 2014-07-16 12:25:35,671 [main] (SeleniumUtils.java:266) - Error while typing the textjava.lang.NullPointerException
ERROR 2014-07-16 12:25:40,721 [main] (SeleniumUtils.java:143) - Unable to identify the element with id xpath and value .//div[@id='dashboard-new-schema']/form/div[@class='schema-fields ui-sortable']/div[3]/div[1]/div[1]/div/div[2]/input
ERROR 2014-07-16 12:25:40,731 [main] (ContentManagement.java:3727) - Unable to identify 'Field3' field textbox in [Create New Schema] page
ERROR 2014-07-16 12:25:40,978 [main] (SeleniumUtils.java:266) - Error while typing the textjava.lang.NullPointerException
ERROR 2014-07-16 12:25:46,011 [main] (SeleniumUtils.java:143) - Unable to identify the element with id xpath and value .//div[@id='dashboard-new-schema']/form/div[@class='schema-fields ui-sortable']/div[3]/div[1]/div[2]/div/div/input
ERROR 2014-07-16 12:25:46,011 [main] (ContentManagement.java:3744) - Unable to identify 'Description3' field textbox in [Create New Schema] page
ERROR 2014-07-16 12:25:46,256 [main] (SeleniumUtils.java:266) - Error while typing the textjava.lang.NullPointerException
ERROR 2014-07-16 12:25:51,296 [main] (SeleniumUtils.java:143) - Unable to identify the element with id xpath and value .//div[@id='dashboard-new-schema']/form/div[@class='schema-fields ui-sortable']/div[3]/div[1]/div[1]/div/div[3]/div/div/label/select
ERROR 2014-07-16 12:25:51,296 [main] (ContentManagement.java:3762) - Unable to identify 'Type dropdown3' field in [Create New Schema] page
ERROR 2014-07-16 12:25:56,569 [main] (SeleniumUtils.java:143) - Unable to identify the element with id xpath and value .//div[@id='dashboard-new-schema']/form/div[@class='schema-fields ui-sortable']/div[3]/div[1]/div[1]/div/div[3]/div/div/label/select
ERROR 2014-07-16 12:25:56,569 [main] (SeleniumUtils.java:289) - java.lang.NullPointerException
ERROR 2014-07-16 12:25:56,569 [main] (ContentManagement.java:3778) - Unable to select [Multi Line Text] from 'Type dropdown3' field in [Create New Schema] page
ERROR 2014-07-16 12:26:01,866 [main] (SeleniumUtils.java:143) - Unable to identify the element with id xpath and value .//div[@id='dashboard-new-schema']/form/div[@class='schema-fields ui-sortable']/div[4]/div[1]/div[1]/div/div[1]/input
ERROR 2014-07-16 12:26:01,866 [main] (ContentManagement.java:3798) - Unable to identify 'Label4' field textbox in [Create New Schema] page
ERROR 2014-07-16 12:26:02,140 [main] (SeleniumUtils.java:266) - Error while typing the textjava.lang.NullPointerException
ERROR 2014-07-16 12:26:07,198 [main] (SeleniumUtils.java:143) - Unable to identify the element with id xpath and value .//div[@id='dashboard-new-schema']/form/div[@class='schema-fields ui-sortable']/div[4]/div[1]/div[1]/div/div[2]/input
ERROR 2014-07-16 12:26:07,208 [main] (ContentManagement.java:3815) - Unable to identify 'Field4' field textbox in [Create New Schema] page
ERROR 2014-07-16 12:26:07,503 [main] (SeleniumUtils.java:266) - Error while typing the textjava.lang.NullPointerException
ERROR 2014-07-16 12:26:12,541 [main] (SeleniumUtils.java:143) - Unable to identify the element with id xpath and value .//div[@id='dashboard-new-schema']/form/div[@class='schema-fields ui-sortable']/div[4]/div[1]/div[2]/div/div/input
ERROR 2014-07-16 12:26:12,551 [main] (ContentManagement.java:3832) - Unable to identify 'Description4' field textbox in [Create New Schema] page
ERROR 2014-07-16 12:26:12,776 [main] (SeleniumUtils.java:266) - Error while typing the textjava.lang.NullPointerException
ERROR 2014-07-16 12:26:17,843 [main] (SeleniumUtils.java:143) - Unable to identify the element with id xpath and value .//div[@id='dashboard-new-schema']/form/div[@class='schema-fields ui-sortable']/div[4]/div[1]/div[1]/div/div[3]/div/div/label/select
ERROR 2014-07-16 12:26:17,843 [main] (ContentManagement.java:3849) - Unable to identify 'Type dropdown4' field in [Create New Schema] page
ERROR 2014-07-16 12:26:23,163 [main] (SeleniumUtils.java:143) - Unable to identify the element with id xpath and value .//div[@id='dashboard-new-schema']/form/div[@class='schema-fields ui-sortable']/div[4]/div[1]/div[1]/div/div[3]/div/div/label/select
ERROR 2014-07-16 12:26:23,173 [main] (SeleniumUtils.java:289) - java.lang.NullPointerException
ERROR 2014-07-16 12:26:23,173 [main] (ContentManagement.java:3866) - Unable to select [Number] from 'Type dropdown3' field in [Create New Schema] page
ERROR 2014-07-16 12:26:28,496 [main] (SeleniumUtils.java:143) - Unable to identify the element with id xpath and value .//div[@id='dashboard-new-schema']/form/div[@class='schema-fields ui-sortable']/div[5]/div[1]/div[1]/div/div[1]/input
ERROR 2014-07-16 12:26:28,506 [main] (ContentManagement.java:3886) - Unable to identify 'Label5' field textbox in [Create New Schema] page
ERROR 2014-07-16 12:26:28,741 [main] (SeleniumUtils.java:266) - Error while typing the textjava.lang.NullPointerException
ERROR 2014-07-16 12:26:33,779 [main] (SeleniumUtils.java:143) - Unable to identify the element with id xpath and value .//div[@id='dashboard-new-schema']/form/div[@class='schema-fields ui-sortable']/div[5]/div[1]/div[1]/div/div[2]/input
ERROR 2014-07-16 12:26:33,779 [main] (ContentManagement.java:3902) - Unable to identify 'Field5' field textbox in [Create New Schema] page
ERROR 2014-07-16 12:26:34,011 [main] (SeleniumUtils.java:266) - Error while typing the textjava.lang.NullPointerException
ERROR 2014-07-16 12:26:39,057 [main] (SeleniumUtils.java:143) - Unable to identify the element with id xpath and value .//div[@id='dashboard-new-schema']/form/div[@class='schema-fields ui-sortable']/div[5]/div[1]/div[2]/div/div/input
ERROR 2014-07-16 12:26:39,057 [main] (ContentManagement.java:3918) - Unable to identify 'Description5' field textbox in [Create New Schema] page
ERROR 2014-07-16 12:26:39,291 [main] (SeleniumUtils.java:266) - Error while typing the textjava.lang.NullPointerException
ERROR 2014-07-16 12:26:44,316 [main] (SeleniumUtils.java:143) - Unable to identify the element with id xpath and value .//div[@id='dashboard-new-schema']/form/div[@class='schema-fields ui-sortable']/div[5]/div[1]/div[1]/div/div[3]/div/div/label/select
ERROR 2014-07-16 12:26:44,326 [main] (ContentManagement.java:3934) - Unable to identify 'Type dropdown5' field in [Create New Schema] page
ERROR 2014-07-16 12:26:49,591 [main] (SeleniumUtils.java:143) - Unable to identify the element with id xpath and value .//div[@id='dashboard-new-schema']/form/div[@class='schema-fields ui-sortable']/div[5]/div[1]/div[1]/div/div[3]/div/div/label/select
ERROR 2014-07-16 12:26:49,591 [main] (SeleniumUtils.java:289) - java.lang.NullPointerException
ERROR 2014-07-16 12:26:49,591 [main] (ContentManagement.java:3950) - Unable to select [Date] from 'Type dropdown5' field in [Create New Schema] page
ERROR 2014-07-16 12:27:26,776 [main] (SeleniumUtils.java:143) - Unable to identify the element with id xpath and value .//div[@class='alert alert-success']
ERROR 2014-07-16 12:27:26,776 [main] (SeleniumUtils.java:417) - java.lang.NullPointerException
ERROR 2014-07-16 12:27:26,776 [main] (SeleniumUtils.java:203) - Error while reading the text of a element. The error message is java.lang.NullPointerException
ERROR 2014-07-16 12:27:26,776 [main] (SeleniumUtils.java:167) - AssertionEqual has failed.And the error message is java.lang.NullPointerException
ERROR 2014-07-16 12:27:26,776 [main] (ContentManagement.java:3986) - 'Schema' success message text matching failed. The Expected text is [
Your schema has been saved.] and the actual return text is [null]
 INFO 2014-07-16 12:27:27,073 [main] (ContentManagement.java:4033) - Starting [createNewContainer] execution
 INFO 2014-07-16 12:27:27,074 [main] (ContentManagement.java:4034) - Verify if user is on [STRUCTURE:CONTAINERS] tab
ERROR 2014-07-16 12:27:27,095 [main] (SeleniumUtils.java:163) - Assertion error
 INFO 2014-07-16 12:27:27,095 [main] (ContentManagement.java:4050) - User is not on [STRUCTURE:CONTAINERS] tab 
 INFO 2014-07-16 12:27:27,095 [main] (ContentManagement.java:4051) - Click on [Structure] sub tab
 INFO 2014-07-16 12:27:36,366 [main] (ContentManagement.java:4087) - Click operation on [STRUCTURE] tab is successful. Verify User is on [STRUCTURE:CONTAINERS] page
 INFO 2014-07-16 12:27:36,407 [main] (ContentManagement.java:4128) - User is on [STRUCTURE:CONTAINERS] tab
 INFO 2014-07-16 12:27:36,407 [main] (ContentManagement.java:4129) - Click on 'NEW CONTAINER' button
 INFO 2014-07-16 12:27:39,527 [main] (ContentManagement.java:4150) - Verify 'Name' field 'SAVE' & 'CANCEL' buttons are displayed
 INFO 2014-07-16 12:27:39,614 [main] (ContentManagement.java:4241) - 'Name' field 'SAVE' & 'CANCEL' buttons are displayed successfully 
 INFO 2014-07-16 12:27:39,615 [main] (ContentManagement.java:4242) - Create [Cybage Automation Test Container] container
 INFO 2014-07-16 12:27:45,230 [main] (ContentManagement.java:4268) - Verify if the Success message displyaed 
 INFO 2014-07-16 12:27:47,297 [main] (ContentManagement.java:4302) - New Container Success message displayed successfully
 INFO 2014-07-16 12:27:47,297 [main] (ContentManagement.java:4303) - Verify if the container [Cybage Automation Test Container] displayed in Containers list
 INFO 2014-07-16 12:27:49,654 [main] (ContentManagement.java:4340) - [Cybage Automation Test Container] displyaed in Containers list
 INFO 2014-07-16 12:27:49,655 [main] (ContentManagement.java:4342) - Test case [createNewContainer] is successful
 INFO 2014-07-16 12:27:49,675 [main] (ContentManagement.java:4369) - Starting [editContainer] execution
 INFO 2014-07-16 12:27:49,675 [main] (ContentManagement.java:4370) - Verify if user is on [STRUCTURE:CONTAINERS] tab
 INFO 2014-07-16 12:27:51,714 [main] (ContentManagement.java:4464) - User is on [STRUCTURE:CONTAINERS] tab
 INFO 2014-07-16 12:27:51,714 [main] (ContentManagement.java:4465) - Verify if the container [Cybage Automation Test Container] displayed in Containers list
 INFO 2014-07-16 12:27:56,058 [main] (ContentManagement.java:4502) - [Cybage Automation Test Container] displyaed in Containers list
 INFO 2014-07-16 12:27:56,058 [main] (ContentManagement.java:4504) - Edit the container [Cybage Automation Test Container]
 INFO 2014-07-16 12:27:56,659 [main] (ContentManagement.java:4519) - Click operation successful on Edit link of a container [Cybage Automation Test Container] 
ERROR 2014-07-16 12:28:41,671 [main] (SeleniumUtils.java:143) - Unable to identify the element with id xpath and value .//input[@id='container_save_name']
ERROR 2014-07-16 12:28:41,671 [main] (ContentManagement.java:4531) - Unable to identify Name Field Textbox in [STRUCTURE:CONTAINERS] page
ERROR 2014-07-16 12:28:42,070 [main] (SeleniumUtils.java:350) - java.lang.NullPointerException
ERROR 2014-07-16 12:28:46,076 [main] (SeleniumUtils.java:266) - Error while typing the textjava.lang.NullPointerException
ERROR 2014-07-16 12:28:51,149 [main] (SeleniumUtils.java:143) - Unable to identify the element with id xpath and value .//div[@class='container-edit-form form-container']/form/div[2]/div/button
ERROR 2014-07-16 12:28:51,149 [main] (ContentManagement.java:4552) - Unable to identify 'SAVE' button in [STRUCTURE:CONTAINERS] page
 INFO 2014-07-16 12:28:53,516 [main] (ContentManagement.java:4562) - Verify if the Success message displyaed 
ERROR 2014-07-16 12:28:58,583 [main] (SeleniumUtils.java:143) - Unable to identify the element with id xpath and value .//div[@class='alert alert-success']
ERROR 2014-07-16 12:28:58,583 [main] (SeleniumUtils.java:417) - java.lang.NullPointerException
ERROR 2014-07-16 12:28:58,583 [main] (SeleniumUtils.java:203) - Error while reading the text of a element. The error message is java.lang.NullPointerException
ERROR 2014-07-16 12:28:58,583 [main] (SeleniumUtils.java:167) - AssertionEqual has failed.And the error message is java.lang.NullPointerException
ERROR 2014-07-16 12:28:58,583 [main] (ContentManagement.java:4579) - 'Edit Container success msge' text matching failed. The Expected text is [
The container was saved!] and the actual return text is [null]
 INFO 2014-07-16 12:28:58,965 [main] (ContentManagement.java:4596) - Edit Container Success message displayed successfully
 INFO 2014-07-16 12:28:58,965 [main] (ContentManagement.java:4597) - Verify if the container [Cybage Automation Test ContainerEdit] displayed in Containers list
 INFO 2014-07-16 12:30:07,126 [main] (ContentManagement.java:4634) - [Cybage Automation Test ContainerEdit] displyaed in Containers list
 INFO 2014-07-16 12:30:07,126 [main] (ContentManagement.java:4636) - Test case [editContainer] is successful 
 INFO 2014-07-16 12:30:07,126 [main] (ContentManagement.java:4664) - Starting [deleteContainer] execution
 INFO 2014-07-16 12:30:07,127 [main] (ContentManagement.java:4665) - Verify if user is on [STRUCTURE:CONTAINERS] tab
 INFO 2014-07-16 12:30:09,203 [main] (ContentManagement.java:4756) - User is on [STRUCTURE:CONTAINERS] tab
 INFO 2014-07-16 12:30:09,203 [main] (ContentManagement.java:4757) - Verify if the container [Cybage Automation Test ContainerEdit] displayed in Containers list
 INFO 2014-07-16 12:30:09,509 [main] (ContentManagement.java:4792) - [Cybage Automation Test ContainerEdit] displyaed in Containers list
 INFO 2014-07-16 12:30:09,509 [main] (ContentManagement.java:4794) - Edit the container [Cybage Automation Test ContainerEdit]
 INFO 2014-07-16 12:30:10,054 [main] (ContentManagement.java:4809) - Click operation successful on Edit link of a container [Cybage Automation Test ContainerEdit] 
 INFO 2014-07-16 12:30:25,292 [main] (ContentManagement.java:4833) - Verify if the Container Delte Success message displyaed 
 INFO 2014-07-16 12:30:25,333 [main] (ContentManagement.java:4872) - Delete Container Success message displayed successfully
 INFO 2014-07-16 12:30:25,333 [main] (ContentManagement.java:4873) - Verify if the container [null] displayed in Containers list
ERROR 2014-07-16 12:30:25,364 [main] (SeleniumCustomUtils.java:1115) - java.lang.NullPointerException
 INFO 2014-07-16 12:30:25,405 [main] (ContentManagement.java:4930) - Starting [createContainerWithSchema] execution
 INFO 2014-07-16 12:30:25,405 [main] (ContentManagement.java:4931) - Verify if user is on [STRUCTURE:CONTAINERS] tab
 INFO 2014-07-16 12:30:27,477 [main] (ContentManagement.java:5024) - User is on [STRUCTURE:CONTAINERS] tab
 INFO 2014-07-16 12:30:27,477 [main] (ContentManagement.java:5025) - Click on 'NEW CONTAINER' button
 INFO 2014-07-16 12:30:33,645 [main] (ContentManagement.java:5047) - Verify 'Name' field 'SAVE' & 'CANCEL' buttons are displayed
 INFO 2014-07-16 12:30:33,687 [main] (ContentManagement.java:5121) - 'Name' field 'SAVE' & 'CANCEL' buttons are displayed successfully 
 INFO 2014-07-16 12:30:33,697 [main] (ContentManagement.java:5122) - Create [Companies List] container
 INFO 2014-07-16 12:30:41,189 [main] (ContentManagement.java:5148) - Verify if the Success message displyaed 
 INFO 2014-07-16 12:30:43,278 [main] (ContentManagement.java:5186) - New Container Success message displayed successfully
 INFO 2014-07-16 12:30:43,278 [main] (ContentManagement.java:5187) - Verify if the container [Companies List] displayed in Containers list
 INFO 2014-07-16 12:30:43,391 [main] (ContentManagement.java:5223) - [Companies List] displyaed in Containers list
 INFO 2014-07-16 12:30:43,391 [main] (ContentManagement.java:5225) - Click on [Companies List] container
 INFO 2014-07-16 12:30:50,509 [main] (ContentManagement.java:5273) - Click operation successful on container [Companies List]
 INFO 2014-07-16 12:30:50,510 [main] (ContentManagement.java:5292) - Click on 'NEW ITEM' button for container
 INFO 2014-07-16 12:30:54,701 [main] (ContentManagement.java:5296) - Click operation is successful on 'NEW ITEM'. Verify 'Name', 'Field', 'Type' & 'Schema' fields
 INFO 2014-07-16 12:30:54,847 [main] (ContentManagement.java:5510) - Verification of 'Name', 'Type', 'Field' & 'Schema' fields are successful
 INFO 2014-07-16 12:30:54,847 [main] (ContentManagement.java:5511) - Verify 'CANCEL' & 'SAVE' buttons
 INFO 2014-07-16 12:30:54,856 [main] (ContentManagement.java:5529) - Verification of 'CANCEL' & 'SAVE' buttons successful
 INFO 2014-07-16 12:30:54,857 [main] (ContentManagement.java:5530) - Validate the 'NEW ITEM' form
 INFO 2014-07-16 12:31:08,270 [main] (ContentManagement.java:5703) - Verify if the container [Companies] displayed in Containers list
 INFO 2014-07-16 12:31:08,341 [main] (ContentManagement.java:5726) - container [Companies] is present in containers list
 INFO 2014-07-16 12:31:16,085 [main] (ContentManagement.java:5792) - Starting [putContentInContainer] execution
 INFO 2014-07-16 12:31:16,085 [main] (ContentManagement.java:5793) - Verify if user is on [Content] sub tab in [Content Management] tab
ERROR 2014-07-16 12:31:18,123 [main] (SeleniumUtils.java:163) - Assertion error
 INFO 2014-07-16 12:31:27,370 [main] (ContentManagement.java:5880) - User is on [Content] sub tab in [Content Management] tab
 INFO 2014-07-16 12:31:27,370 [main] (ContentManagement.java:5881) - Click on container [Companies List] in container list
 INFO 2014-07-16 12:31:43,296 [main] (ContentManagement.java:6005) - Verify the form and enter the data in container
 INFO 2014-07-16 12:31:56,163 [main] (ContentManagement.java:6210) - Verification of all the form fields and Entering data is successful
 INFO 2014-07-16 12:31:56,163 [main] (ContentManagement.java:6211) - Click on SAVE button
 INFO 2014-07-16 12:32:04,462 [main] (ContentManagement.java:6279) - Content data saved successfully
 INFO 2014-07-16 12:32:25,871 [main] (ContentManagement.java:6427) - Verify if User is on [Create New Schema] page
ERROR 2014-07-16 12:32:25,892 [main] (SeleniumUtils.java:163) - Assertion error
 INFO 2014-07-16 12:32:25,892 [main] (ContentManagement.java:6443) - User is not on [Create New Schema] page
 INFO 2014-07-16 12:32:25,892 [main] (ContentManagement.java:6444) - Navigate to [Schemas] tab
 INFO 2014-07-16 12:32:44,796 [main] (ContentManagement.java:6573) - User is on [Create New Schema] tab
 INFO 2014-07-16 12:32:44,796 [main] (ContentManagement.java:6574) - Create new Complex Schema 
 INFO 2014-07-16 12:32:45,329 [main] (ContentManagement.java:6706) - Click on ADD ATTRIBUTE button
 INFO 2014-07-16 12:32:50,479 [main] (ContentManagement.java:6727) - Click operation on 'ADD ATTRIBUTE' button is successful. Enter data in 'Key' and 'Val' fields
 INFO 2014-07-16 12:32:50,858 [main] (ContentManagement.java:6766) - Click on 'ADD FIELD' button
 INFO 2014-07-16 12:32:56,688 [main] (ContentManagement.java:6779) - Click operation on 'ADD FIELD' button is successful
 INFO 2014-07-16 12:33:11,057 [main] (ContentManagement.java:7208) - Verify if user is on [STRUCTURE:CONTAINERS] tab
ERROR 2014-07-16 12:33:13,084 [main] (SeleniumUtils.java:163) - Assertion error
 INFO 2014-07-16 12:33:13,084 [main] (ContentManagement.java:7225) - User is not on [STRUCTURE:CONTAINERS] tab 
 INFO 2014-07-16 12:33:13,084 [main] (ContentManagement.java:7226) - Click on [Structure] sub tab
 INFO 2014-07-16 12:33:22,072 [main] (ContentManagement.java:7260) - Click operation on [STRUCTURE] tab is successful. Verify User is on [STRUCTURE:CONTAINERS] page
 INFO 2014-07-16 12:33:22,083 [main] (ContentManagement.java:7301) - User is on [STRUCTURE:CONTAINERS] tab
 INFO 2014-07-16 12:33:22,083 [main] (ContentManagement.java:7302) - Click on 'NEW CONTAINER' button
 INFO 2014-07-16 12:33:28,209 [main] (ContentManagement.java:7324) - Verify 'Name' field 'SAVE' & 'CANCEL' buttons are displayed
 INFO 2014-07-16 12:33:28,270 [main] (ContentManagement.java:7398) - 'Name' field 'SAVE' & 'CANCEL' buttons are displayed successfully 
 INFO 2014-07-16 12:33:28,280 [main] (ContentManagement.java:7399) - Create [Office List] container
 INFO 2014-07-16 12:33:35,664 [main] (ContentManagement.java:7425) - Verify if the Success message displyaed 
 INFO 2014-07-16 12:33:40,310 [main] (ContentManagement.java:7463) - New Container Success message displayed successfully
 INFO 2014-07-16 12:33:40,310 [main] (ContentManagement.java:7464) - Verify if the container [Office List] displayed in Containers list
 INFO 2014-07-16 12:33:40,422 [main] (ContentManagement.java:7500) - [Office List] displyaed in Containers list
 INFO 2014-07-16 12:33:40,423 [main] (ContentManagement.java:7502) - Click on [Office List] container
 INFO 2014-07-16 12:33:44,317 [main] (ContentManagement.java:7550) - Click operation successful on container [Office List]
 INFO 2014-07-16 12:33:44,328 [main] (ContentManagement.java:7569) - Click on 'NEW ITEM' button for container
 INFO 2014-07-16 12:33:48,459 [main] (ContentManagement.java:7573) - Click operation is successful on 'NEW ITEM'. Verify 'Name', 'Field', 'Type' & 'Schema' fields
 INFO 2014-07-16 12:33:48,592 [main] (ContentManagement.java:7787) - Verification of 'Name', 'Type', 'Field' & 'Schema' fields are successful
 INFO 2014-07-16 12:33:48,592 [main] (ContentManagement.java:7788) - Verify 'CANCEL' & 'SAVE' buttons
 INFO 2014-07-16 12:33:48,593 [main] (ContentManagement.java:7806) - Verification of 'CANCEL' & 'SAVE' buttons successful
 INFO 2014-07-16 12:33:48,593 [main] (ContentManagement.java:7807) - Validate the 'NEW ITEM' form
 INFO 2014-07-16 12:34:01,848 [main] (ContentManagement.java:7980) - Verify if the container [Offices] displayed in Containers list
 INFO 2014-07-16 12:34:05,769 [main] (ContentManagement.java:8003) - container [Offices] is present in containers list
 INFO 2014-07-16 12:34:13,906 [main] (ContentManagement.java:8043) - Verify if user is on [Content] sub tab in [Content Management] tab
ERROR 2014-07-16 12:34:15,943 [main] (SeleniumUtils.java:163) - Assertion error
 INFO 2014-07-16 12:34:25,281 [main] (ContentManagement.java:8130) - User is on [Content] sub tab in [Content Management] tab
 INFO 2014-07-16 12:34:25,281 [main] (ContentManagement.java:8131) - Click on container [Office List] in container list
 INFO 2014-07-16 12:34:45,871 [main] (ContentManagement.java:8255) - Verify the form and enter the data in container
ERROR 2014-07-16 12:34:54,217 [main] (SeleniumUtils.java:350) - org.openqa.selenium.ElementNotVisibleException: Element is not currently visible and so may not be interacted with
Command duration or timeout: 5.01 seconds
Build info: version: '2.40.0', revision: 'fbe29a9', time: '2014-02-19 20:54:28'
System info: host: 'bhargavas-w7', ip: '172.27.36.55', os.name: 'Windows Vista', os.arch: 'x86', os.version: '6.1', java.version: '1.6.0'
Session ID: f7e3dfac-d600-4953-af67-a47bb601756a
Driver info: org.openqa.selenium.firefox.FirefoxDriver
Capabilities [{platform=XP, acceptSslCerts=true, javascriptEnabled=true, browserName=firefox, rotatable=false, locationContextEnabled=true, version=30.0, cssSelectorsEnabled=true, databaseEnabled=true, handlesAlerts=true, browserConnectionEnabled=true, nativeEvents=false, webStorageEnabled=true, applicationCacheEnabled=true, takesScreenshot=true}]
ERROR 2014-07-16 12:35:01,310 [main] (SeleniumUtils.java:266) - Error while typing the textorg.openqa.selenium.ElementNotVisibleException: Element is not currently visible and so may not be interacted with
Command duration or timeout: 5.09 seconds
Build info: version: '2.40.0', revision: 'fbe29a9', time: '2014-02-19 20:54:28'
System info: host: 'bhargavas-w7', ip: '172.27.36.55', os.name: 'Windows Vista', os.arch: 'x86', os.version: '6.1', java.version: '1.6.0'
Session ID: f7e3dfac-d600-4953-af67-a47bb601756a
Driver info: org.openqa.selenium.firefox.FirefoxDriver
Capabilities [{platform=XP, acceptSslCerts=true, javascriptEnabled=true, browserName=firefox, rotatable=false, locationContextEnabled=true, version=30.0, cssSelectorsEnabled=true, databaseEnabled=true, handlesAlerts=true, browserConnectionEnabled=true, nativeEvents=false, webStorageEnabled=true, applicationCacheEnabled=true, takesScreenshot=true}]
 INFO 2014-07-16 12:35:08,468 [main] (ContentManagement.java:8460) - Verification of all the form fields and Entering data is successful
 INFO 2014-07-16 12:35:08,468 [main] (ContentManagement.java:8461) - Click on SAVE button
 INFO 2014-07-16 12:35:17,999 [main] (ContentManagement.java:8529) - Content data saved successfully
 INFO 2014-07-16 12:35:39,664 [main] (ContentManagement.java:8676) - Starting [deleteTestData] execution
 INFO 2014-07-16 12:35:39,664 [main] (ContentManagement.java:8678) - Verify if User is on [Schemas] page
ERROR 2014-07-16 12:35:39,695 [main] (SeleniumUtils.java:163) - Assertion error
 INFO 2014-07-16 12:35:39,695 [main] (ContentManagement.java:8694) - User is not on [Schemas] tab
 INFO 2014-07-16 12:35:48,648 [main] (ContentManagement.java:8767) - User is on [Schemas] tab
 INFO 2014-07-16 12:35:48,648 [main] (ContentManagement.java:8768) - Verify if Schemas List present in [Schemas] tab
 INFO 2014-07-16 12:35:48,652 [main] (ContentManagement.java:8783) - Verification of Schemas List is successful. Schemas List is present in [Schemas] tab
 INFO 2014-07-16 12:35:48,652 [main] (ContentManagement.java:8785) - Verify [Company] schema present in the Schemas List
 INFO 2014-07-16 12:35:52,769 [main] (ContentManagement.java:8818) - [Company] schema present in the Schemas List
 INFO 2014-07-16 12:36:08,667 [main] (ContentManagement.java:8852) - Verify if user is on [STRUCTURE:CONTAINERS] tab
ERROR 2014-07-16 12:36:10,722 [main] (SeleniumUtils.java:163) - Assertion error
 INFO 2014-07-16 12:36:10,722 [main] (ContentManagement.java:8869) - User is not on [STRUCTURE:CONTAINERS] tab 
 INFO 2014-07-16 12:36:10,722 [main] (ContentManagement.java:8870) - Click on [Structure] sub tab
 INFO 2014-07-16 12:36:19,501 [main] (ContentManagement.java:8903) - Click operation on [STRUCTURE] tab is successful. Verify User is on [STRUCTURE:CONTAINERS] page
 INFO 2014-07-16 12:36:19,562 [main] (ContentManagement.java:8943) - User is on [STRUCTURE:CONTAINERS] tab
 INFO 2014-07-16 12:36:19,562 [main] (ContentManagement.java:8944) - Verify if the container [Companies List] displayed in Containers list
 INFO 2014-07-16 12:36:19,695 [main] (ContentManagement.java:8979) - [Companies List] displyaed in Containers list
 INFO 2014-07-16 12:36:19,695 [main] (ContentManagement.java:8981) - Edit the container [Companies List]
 INFO 2014-07-16 12:36:20,042 [main] (ContentManagement.java:8996) - Click operation successful on Edit link of a container [Companies List] 
 INFO 2014-07-16 12:36:30,220 [main] (ContentManagement.java:9043) - Starting [logOut] execution
 INFO 2014-07-16 12:36:30,220 [main] (ContentManagement.java:9044) - Navigating to [Accounts] page
 INFO 2014-07-16 12:36:38,766 [main] (ContentManagement.java:9080) - Click on Sign Out button
 INFO 2014-07-16 12:36:46,699 [main] (ContentManagement.java:9128) - Closing the browser
 INFO 2014-07-16 15:50:44,007 [main] (Suite.java:42) - Starting the execution
 INFO 2014-07-16 15:50:44,008 [main] (Suite.java:43) - reading [config] file
 INFO 2014-07-16 15:50:44,293 [main] (Suite.java:64) - reading [config] file successful
 INFO 2014-07-16 15:50:44,374 [main] (Suite.java:85) - reading [ParentSuite] input file
 INFO 2014-07-16 15:50:44,390 [main] (Suite.java:107) - reading [ParentSuite] input file is successful
 INFO 2014-07-16 15:50:44,390 [main] (Suite.java:108) - The Test suites for execution..[login, phunwareClients, analytics, alertsAndnotifications, contentmanagement, advertising, location, commonscenarios]
 INFO 2014-07-16 15:50:44,401 [main] (ContentManagement.java:74) - reading ContentManagement Input file
 INFO 2014-07-16 15:50:44,415 [main] (ContentManagement.java:97) - reading [ContentManagement] Input file successful
 INFO 2014-07-16 15:50:44,415 [main] (ContentManagement.java:98) -  {[loginAs, verifyContentLayout, verifyStructureLayout, verifySchemasLayout, verifyCreateNewSchemaLayout, validationsOnCreateNewSchema, createNewSchema, verifySchema, editSchema, deleteSchema, createNewComplexSchema, createNewContainer, editContainer, deleteContainer, createContainerWithSchema, putContentInContainer, createSchemaWithMultiLineHtml, deleteTestData, logOut]} for execution in [ContentManagement] suite
 INFO 2014-07-16 15:50:44,429 [main] (ContentManagement.java:134) - opening [FIREFOX] browser
 INFO 2014-07-16 15:51:02,131 [main] (ContentManagement.java:145) - Identify Username, Password & Signin buttons
 INFO 2014-07-16 15:51:02,223 [main] (ContentManagement.java:172) - login into the application
 INFO 2014-07-16 15:51:15,193 [main] (ContentManagement.java:175) - Verify the landing page after login
ERROR 2014-07-16 15:51:20,268 [main] (SeleniumUtils.java:163) - Assertion error
 INFO 2014-07-16 15:51:20,269 [main] (ContentManagement.java:340) - User is landed on [YOUR ACCOUNT] page
 INFO 2014-07-16 15:51:20,269 [main] (ContentManagement.java:341) - Navigate to [YOUR APPLICATIONS] page
 INFO 2014-07-16 15:51:20,269 [main] (ContentManagement.java:342) - Verify if User has Switch button 
 INFO 2014-07-16 15:51:20,284 [main] (ContentManagement.java:357) - Click on [Switch Button]
 INFO 2014-07-16 15:51:20,451 [main] (ContentManagement.java:365) - Click operation on [Switch Button] is successful
 INFO 2014-07-16 15:51:20,452 [main] (ContentManagement.java:367) - Identify Switch button - Organization text box
 INFO 2014-07-16 15:51:21,469 [main] (ContentManagement.java:389) - Enter the Organization [cybage] name in the Switch btn Organization text box
 INFO 2014-07-16 15:51:29,626 [main] (ContentManagement.java:432) - Verify if user is landed on [Your Applications] page
 INFO 2014-07-16 15:51:29,692 [main] (ContentManagement.java:492) - Starting [verifyContentLayout] execution
 INFO 2014-07-16 15:51:29,693 [main] (ContentManagement.java:493) - Navigating to [Content Management] tab
 INFO 2014-07-16 15:51:43,292 [main] (ContentManagement.java:528) - Verify all the sub tabs in [Content Management] tab
 INFO 2014-07-16 15:51:43,359 [main] (ContentManagement.java:559) - Verification of [Content] tab text is successful
 INFO 2014-07-16 15:51:43,360 [main] (ContentManagement.java:560) - Verify [Structure] tab
 INFO 2014-07-16 15:51:43,386 [main] (ContentManagement.java:592) - Verification of [Structure] tab text is successful
 INFO 2014-07-16 15:51:43,387 [main] (ContentManagement.java:593) - Verify [Schemas] tab
 INFO 2014-07-16 15:51:43,412 [main] (ContentManagement.java:624) - Verification of [Schemas] tab text is successful
 INFO 2014-07-16 15:51:43,413 [main] (ContentManagement.java:625) - Verify [S3] tab
 INFO 2014-07-16 15:51:43,413 [main] (ContentManagement.java:648) - Verification of all the sub tabs in [Content Management] tab is successful
 INFO 2014-07-16 15:51:43,414 [main] (ContentManagement.java:649) - Verify if user is on [Content] sub tab in [Content Management] tab
 INFO 2014-07-16 15:51:43,447 [main] (ContentManagement.java:712) - Starting [verifyStructureLayout] execution
 INFO 2014-07-16 15:51:43,448 [main] (ContentManagement.java:713) - Navigate to [Structure] tab
 INFO 2014-07-16 15:51:45,514 [main] (ContentManagement.java:746) - Verification of [Structure] tab text is successful
 INFO 2014-07-16 15:51:53,498 [main] (ContentManagement.java:749) - Verify if user is on [Structure] tab
 INFO 2014-07-16 15:51:53,574 [main] (ContentManagement.java:786) - Navigation to [Structure] tab is successful
 INFO 2014-07-16 15:51:53,574 [main] (ContentManagement.java:787) - Verify 'New Container' button is present in [Structure] sub tab
 INFO 2014-07-16 15:51:53,607 [main] (ContentManagement.java:832) - Starting [verifySchemasLayout] execution
 INFO 2014-07-16 15:51:53,607 [main] (ContentManagement.java:833) - Navigate to [Schemas] tab
 INFO 2014-07-16 15:51:53,648 [main] (ContentManagement.java:864) - Identification of [Schemas] tab text is successful
 INFO 2014-07-16 15:52:01,778 [main] (ContentManagement.java:867) - Verify if user is on [Schemas] tab
 INFO 2014-07-16 15:52:01,843 [main] (ContentManagement.java:902) - Navigation to [Schemas] tab is successful
 INFO 2014-07-16 15:52:01,844 [main] (ContentManagement.java:903) - Verify 'New Schema' button is present in [Schemas] sub tab
 INFO 2014-07-16 15:52:01,865 [main] (ContentManagement.java:948) - Starting [verifyCreateNewSchemaLayout] execution
 INFO 2014-07-16 15:52:01,865 [main] (ContentManagement.java:949) - Verify if User is on [Schemas] tab
 INFO 2014-07-16 15:52:01,892 [main] (ContentManagement.java:1037) - User is on [Schemas] tab
 INFO 2014-07-16 15:52:01,892 [main] (ContentManagement.java:1038) - Click on 'New Schema' button
 INFO 2014-07-16 15:52:14,356 [main] (ContentManagement.java:1057) - Click operation on 'New Schema' button is successful
 INFO 2014-07-16 15:52:14,356 [main] (ContentManagement.java:1058) - Verify if User is on 'Create New Schema' page
 INFO 2014-07-16 15:52:14,424 [main] (ContentManagement.java:1093) - User is on 'Create New Schema' page
 INFO 2014-07-16 15:52:14,424 [main] (ContentManagement.java:1094) - Verify 'Create New Schema' page Layout
 INFO 2014-07-16 15:52:14,488 [main] (ContentManagement.java:1200) - Verification of 'Name' and 'Description' fields are successful
 INFO 2014-07-16 15:52:14,509 [main] (ContentManagement.java:1233) - Verification of 'ADD ATTRIBUTE' & 'ADD FIELD' buttons successful
 INFO 2014-07-16 15:52:14,546 [main] (ContentManagement.java:1310) - Verification of Attributes & Fields labels successful
 INFO 2014-07-16 15:52:14,565 [main] (ContentManagement.java:1343) - Verification of 'CANCEL' & 'SAVE' buttons successful
 INFO 2014-07-16 15:52:14,565 [main] (ContentManagement.java:1344) - Click on 'ADD ATTRIBUTE' button and Verify fields
 INFO 2014-07-16 15:52:26,033 [main] (ContentManagement.java:1393) - Verification of 'ADD ATTRIBUTE' fields successful
 INFO 2014-07-16 15:52:26,034 [main] (ContentManagement.java:1394) - Verify 'ADD FIELDS' fields
 INFO 2014-07-16 15:52:36,586 [main] (ContentManagement.java:1467) - Starting [validationsOnCreateNewSchema] execution
 INFO 2014-07-16 15:52:36,587 [main] (ContentManagement.java:1468) - Verify if User is on [Create New Schema] page
